[    0.000000] Initializing coup ssys cpuset
[    0.000000] Initializing cgroup subs cpu
[    0.000000] Itilizin cou subsys cpuacct
[    0.000000] Linux version 4.078-generic (buildd@lgw01-amd64-017) (gcc version 5.4.0 20160609 (Ubuntu 5.4.0-6ubuntu1~16.04.12) ) #208-Ubuntu SMP Sun Apr 5 23:45:10 UTC 2020 (Ubuntu 4.4.0-178.208-generic 4.4.217)
[    0.000000] Command line: BOOT_IMAGE=/boot/vmlinuz-4.4.0-178-generic root=UUID=a2a54237-2bfa-4a1b-a16b-56555a4786e1 ro console=tty1 console=ttyS0
[    0.000000] KERNEL supported cpus:
[    0.000000]   Intel GenuineIntel
[    0.000000]   AMD AuthenticAMD
[    0.000000]   Centaur CentaurHauls
[    0.000000] x86/fpu: xstate_offset[2]:  576, xstate_sizes[2]:  256
[    0.000000] x86/fpu: Supporting XSAVE feature 0x01: 'x87 floating point registers'
[    0.000000] x86/fpu: Supporting XSAVE feature 0x02: 'SSE registers'
[    0.000000] x86/fpu: Supporting XSAVE feature 0x04: 'AVX registers'
[    0.000000] x86/fpu: Enabled xstate features 0x7, context size i832 bytes, usin 'standard' format.
[    0.000000] e820: BIOS-provided physical RAM map:
[    0.000000] BIOS-e820: [mem 0x000000000000-0x000000000009fbff] usable
[    0.000000] BIOS-e820:[m 000000009fc00-0x00000009ffff] reserved
[    00000] BIOS-e820: [mem 0x00000000000000-0x00000000000fffff] reserved
[    0.000000] BIOS-e820: [mem 0x0000000000100000-0x000000007ffeffff] usable
[    0.000000] BIOS-e820: [mem 0x000000007fff0000-0x0000007ffff] ACPI data
[    0.000000] BIOS-e820: [mem 0x00000000fec00000-0x00000000fec00fff] reserved
[    0.000000] BIOS-e820: [mem 0x00000000fee00000-0x00000000fee00fff] reserved
[    0.000000] BIOS-e820: [mem 0x00000000fffc0000-0x00000000ffffffff] reserved
[    0.000000] NX (Execute Disable)protection: active
[    0.000000] SBIOS2.prsent.
[  000000] Hersor detecd: KVM
[  0.000000] e820: last_pfn = 0x7fff0 max_arch_pfn =x4000000
[    0.000000] MTRR: Dsabled
[    0.000000] x86/PAT: MTRRs disabled, skipping PAT initialization too.
[    0.000000] CPMTRRs all blank - virtualiedsystem.[   0.000000] x86/PAT: Configuration [0-7]: WB  WTUCUC  WB    - UC  
[    0.000000] found SMP MP-table at [mm 0009fff0-0x0009ffff] mapped at [ffff88000009fff0]
[    0.000000] Scanning 1 areas for low memory corruption
[    0.000000] RAMDISK: [mem 0x361cc000-0x370ddfff]
[    0.000000] ACPI: Early table checksum verification disabled
[    0.000000] ACPI: RSDP 0x00000000000E0000 000024 (v02 VBOX  )
[    0.000000] ACPI: XSDT 0x000000007FFF0030 00003C (v01 VBOX   VBOXXSDT 00000001 ASL  00000061)
[    0.000000] ACPI: FACP 0x000000007FFF00F0 0000F4 (v04 VBOX   VBOXFACP 00000001 ASL  00000061)
[    0.000000] ACPI: DSDT 0x0000000FF0470 0021FF (v02 VBOX   VBOXBIOS 00000002 INTL 20100528)
[    0.0000000] ACPI: FACS 0x000000007FFF0200 000040
[    0.000000] ACPI: FACS 0x00000000FF20 000040
[    .000] ACPI: APIC 0x000000007FFF0240 00C v02 VBOX   VBOXAPIC 0001 ASL  00006
[    0.0000] ACPI: SSDT 0x000000007FFF02A0 0001CC (v01 VBOX   VBOXCPUT 00000002 INTL 20100528)
[    0.000000] No NUMA configuration found
[    0.000000] Faking a node  [mem 0x0000000000000000x000000007ffeffff]
[    0.00000] NODE_DATA(0) allocated [mem 0x7ffeb000-0x7ffeffff]
[    0.000000] kvmclock: Using ms 4564d01 and 4b564d00
[    0.000000] kvm-clock: cpu 0, msr 0:7ffe300, primary cpu clock
[    0.000000] kvm-clock: using sched offset of 3830403874 cycles
[    0.000000] clocksource: kvm-clock mak:0xffffffffffffff max_cycle: 0x1cd42e4fb max_idle_ns8890591483 ns
[    000000] Zonranges:
[    00000   DMA      [m 00000000001000-0x0000000000ffffff]
[    0.000000]   DMA32    [mem 0x0000000001000000-0x000000007ffeffff]
[    0.000000]   Normal   empty
[    0.000000]   Device   empty
[    0.000000] Movable zone start for each node
[    0.000000] Early memory node ranges
[    0.000000]   node   : [mem 0x0000000000001000-0x000000000009efff]
[    0.000000]   node   0: [mem 0x0000000000100000-0x000000007ffeffff]
[    0.000000] Initmem setup node 0 [mem 0x0000000000001000-0x00000007ffeffff]
[    0.000000] ACPI: PM-Timer IO Port: 0x4008
[    0.000000] IOAPIC[0]: apic_id 2, version 32, address 0xfec00000, GSI 0-23
[    0.000000] ACPI: INT_SRC_VR (bus 0 bus_irq 0 global_irqq 2 dfl dfl)
[    0.000000] ACPI: INT_SRC_OVR (bus 0 bus_irq 9 global_irq 9 low level)
[    0.000000] Using ACPI (MADT) for SMP configuraton information
[    0.000000] spboot: Allowing 2 CPUs, 0 hotplug CPUs
[    .000000] PM: Registered nosave memory: [mem 0x00000000-0x00000fff]
[    0.000000] PM: Registered nosave memory: [mem 0x0009f000-x000fff]
[    0.000000] PM: Registered nosave memory: [mem 0x000a0000-0x000effff]
[    0.000000] PM: Registered nosave memory: [mem 0x000f0000-0x000fffff]
[    0.000000] e820: [mem 0x80000000-0xfebfffff] availae for PCI devices
[    0.000000] Booting paravirtualized kernel on KVM
[    0.000000] clocksource: refined-jiffies: mask: 0xffffffff max_cycles: 0xffffffff, max_idle_ns: 7645519600211568 ns
[    0.000000] setup_percu: NR_CPUS:512 nr_cpumask_bits:512 nr_cpu_ds:2 nr_node_ids:1
[    0.000000] PERCPU: Embedded 33 pags/cpu @ffff88007fc00000 s95448 r8192 d31528 u1048576
[    0.000000] Built 1 zonelists in Node order, mobility grouping on.  Total pages: 515960
[    0.00000] Policy zone DMA32
[    0.000000] Kernel command line: BOOT_IMAGE=/boot/vmlinuz-4.4.0-178-generic root=UUID=a2a54237-2bfa-4a1b-a16b-56555a4786e1 ro console=tty1 console=ttyS0
[    0.00000] PID hash table entries: 4096 (order: 3, 32768 bytes)
[    0.000000] Memory: 2029312K/2096696K available (8626K kernel code, 1336K rwdata, 46K rodata, 1488K init, 1292K bss, 67384K reserved, 0K cma-reserved)
[    0.000000] SLUB: HWalign=64, Order=0-3, MinObjects=0, CPUs=2, Nodes=1
[    0.000000] Kernel/User page tables isolation: enabled
[   0.000000] Hierarchical RCU implementation.
    0.000000] 	Build-time adjustment of leaf fanout to .
[    0.000000] 	RCU restricting CPUs from NR_CPUS=512 to nr_cpu_ids=2.
[    0.000000] RCU: Adjusting geometry for rcu_fanout_leaf=64, nr_cpu_ids=2
    0.000000] NR_IRQS:33024 nr_irqs:440 16
[    0.000000] Console: colour VGA+ 80x25
[    0.000000] consle [tty1] enabled
[    0.000000] console [ttyS0] enabled
[    0.000000] tsc: Detected 3096.000 MHz processor
[    3.482552] Calibrating delay loop (skipped) preset value.. 6192.00 BogoMIPS (lpj=12384000)
[    3.492048] pid_max: default: 32768 minimum: 301
[    3.497174] ACPI: Core revision 20150930
[    3.504952] ACPI: 2 ACPI AML tables successfully acquired and loaded
[    3.507068] Security Framework initialized
[    3.508528] Yama: becoming mindful.
[    3.512728] AppArmor: AppArmor initialized
[    3.516250] Dentry cache hash table entries: 262144 (order: 9, 2097152 bytes)
[    3.522209] Inode-cache hash table entries: 131072 (order: 8, 1048576 bytes)
[    3.527629] Mount-cache hash table entries: 4096 (order: 3, 32768 bytes)
[    3.529831] Mountpoint-cache hash table entries: 4096 (order: 3, 32768 bytes)
[    3.540713] Initializing cgroup subsys io
[    3.542097] Initializing cgroup subsys memory
[    3.543410] Initializing cgroup subsys devices
[    3.544896] Initializing cgroup subsys freezer
[    3.546291] Initializing cgroup subsys net_cls
[    3.547746] Initializing cgroup subsys perf_event
[    3.549375] Initializing cgroup subsys net_prio
[    3.550787] Initializing cgroup subsys hugetlb
[    3.552363] Initializing cgroup subsys pids
[    3.557701] mce: CPU supports 0 MCE banks
[    3.559086] Last level iTLB entries: 4KB 64, 2MB 8, 4MB 8
[    3.562332] Last level dTLB entries: 4KB 64, 2MB 0, 4MB 0, 1GB 4
[    3.573633] Spectre V1 : Mitigation: usercopy/swapgs barriers and __user pointer sanitization
[    3.590983] Spectre V2 : Mitigation: Full generic retpoline
[    3.598796] Spectre V2 : Spectre v2 / SpectreRSB mitigation: Filling RSB on context switch
[    3.613754] Speculative Store Bypass: Vulnerable
[    3.615202] MDS: Vulnerable: Clear CPU buffers attempted, no microcode
[    3.621131] Freeing SMP alternatives memory: 36K
[    3.629730] ftrace: allocating 32308 entries in 127 pages
[    3.688207] smpboot: APIC(0) Converting physical 0 to logical package 0
[    3.714999] smpboot: Max logical packages: 1
[    3.723453] ..TIMER: vector=0x30 apic1=0 pin1=2 apic2=-1 pin2=-1
[    3.838851] smpboot: CPU0: Intel(R) Core(TM) i5-7267U CPU @ 3.10GHz (family: 0x6, model: 0x8e, stepping: 0x9)
[    3.842274] Performance Events: unsupported p6 CPU model 142 no PMU driver, software events only.
[    3.857244] KVM setup paravirtual spinlock
[    3.878459] x86: Booting SMP configuration:
[    3.900833] .... node  #0, CPUs:      #1
[    3.913255] kvm-clock: cpu 1, msr 0:7ffe3041, secondary cpu clock
[    3.925772] mce: CPU supports 0 MCE banks
[    3.955987] x86: Booted up 1 node, 2 CPUs
[    3.972952] smpboot: Total of 2 processors activated (12384.00 BogoMIPS)
[    3.981121] devtmpfs: initialized
[    3.985052] evm: security.selinux
[    3.996706] evm: security.SMACK64
[    4.001156] evm: security.SMACK64EXEC
[    4.018993] evm: security.SMACK64TRANSMUTE
[    4.026170] evm: security.SMACK64MMAP
[    4.037032] evm: security.ima
[    4.038116] evm: security.capability
[    4.039736] clocksource: jiffies: mask: 0xffffffff max_cycles: 0xffffffff, max_idle_ns: 7645041785100000 ns
[    4.048762] futex hash table entries: 512 (order: 3, 32768 bytes)
[    4.067165] pinctrl core: initialized pinctrl subsystem
[    4.073969] RTC time:  6:55:32, date: 06/25/20
[    4.075585] NET: Registered protocol family 16
[    4.109483] cpuidle: using governor ladder
[    4.129091] cpuidle: using governor menu
[    4.135798] PCCT header not found.
[    4.145794] ACPI: bus type PCI registered
[    4.150697] acpiphp: ACPI Hot Plug PCI Controller Driver version: 0.5
[    4.159441] PCI: Using configuration type 1 for base access
[    4.174691] ACPI: Added _OSI(Module Device)
[    4.177893] ACPI: Added _OSI(Processor Device)
[    4.196052] ACPI: Added _OSI(3.0 _SCP Extensions)
[    4.214582] ACPI: Added _OSI(Processor Aggregator Device)
[    4.238193] ACPI: Executed 1 blocks of module-level executable AML code
[    4.246754] ACPI: Interpreter enabled
[    4.248003] ACPI: (supports S0 S5)
[    4.249319] ACPI: Using IOAPIC for interrupt routing
[    4.263759] PCI: Using host bridge windows from ACPI; if necessary, use "pci=nocrs" and report a bug
[    4.298791] ACPI: PCI Root Bridge [PCI0] (domain 0000 [bus 00-ff])
[    4.306035] acpi PNP0A03:00: _OSC: OS supports [ASPM ClockPM Segments MSI]
[    4.320326] acpi PNP0A03:00: _OSC: not requesting OS control; OS requires [ExtendedConfig ASPM ClockPM MSI]
[    4.341437] acpi PNP0A03:00: fail to add MMCONFIG information, can't access extended PCI configuration space under this bridge.
[    4.346518] PCI host bridge to bus 0000:00
[    4.359158] pci_bus 0000:00: root bus resource [io  0x0000-0x0cf7 window]
[    4.384282] pci_bus 0000:00: root bus resource [io  0x0d00-0xffff window]
[    4.392809] pci_bus 0000:00: root bus resource [mem 0x000a0000-0x000bffff window]
[    4.428166] pci_bus 0000:00: root bus resource [mem 0x80000000-0xfdffffff window]
[    4.440393] pci_bus 0000:00: root bus resource [bus 00-ff]
[    4.445627] pci 0000:00:01.1: legacy IDE quirk: reg 0x10: [io  0x01f0-0x01f7]
[    4.459523] pci 0000:00:01.1: legacy IDE quirk: reg 0x14: [io  0x03f6]
[    4.480288] pci 0000:00:01.1: legacy IDE quirk: reg 0x18: [io  0x0170-0x0177]
[    4.487820] pci 0000:00:01.1: legacy IDE quirk: reg 0x1c: [io  0x0376]
[    4.550543] pci 0000:00:07.0: quirk: [io  0x4000-0x403f] claimed by PIIX4 ACPI
[    4.612760] pci 0000:00:07.0: quirk: [io  0x4100-0x410f] claimed by PIIX4 SMB
[    4.692131] ACPI: PCI Interrupt Link [LNKA] (IRQs 5 9 10 *11)
[    4.700813] ACPI: PCI Interrupt Link [LNKB] (IRQs 5 9 *10 11)
[    4.714266] ACPI: PCI Interrupt Link [LNKC] (IRQs 5 *9 10 11)
[    4.722287] ACPI: PCI Interrupt Link [LNKD] (IRQs 5 9 10 *11)
[    4.741808] ACPI: Enabled 2 GPEs in block 00 to 07
[    4.743763] vgaarb: setting as boot device: PCI:0000:00:02.0
[    4.746849] vgaarb: device added: PCI:0000:00:02.0,decodes=io+mem,owns=io+mem,locks=none
[    4.774475] vgaarb: loaded
[    4.775480] vgaarb: bridge control possible 0000:00:02.0
[    4.784711] SCSI subsystem initialized
[    4.789938] ACPI: bus type USB registered
[    4.807587] usbcore: registered new interface driver usbfs
[    4.825655] usbcore: registered new interface driver hub
[    4.833039] usbcore: registered new device driver usb
[    4.843057] PCI: Using ACPI for IRQ routing
[    4.850621] NetLabel: Initializing
[    4.851746] NetLabel:  domain hash size = 128
[    4.853094] NetLabel:  protocols = UNLABELED CIPSOv4
[    4.860478] NetLabel:  unlabeled traffic allowed by default
[    4.862127] amd_nb: Cannot enumerate AMD northbridges
[    4.863693] clocksource: Switched to clocksource kvm-clock
[  4.892460] Aprmor: AppArmor Filesystem Enabled
[    5.019186] pnp: PnP ACPI init
[    5.021736] pnp: PnP ACPI: found 3 devices

[    5.039506] clocksource: acpi_pm: mask: 0xffffff max_cycles: 0xffffff, max_idle_ns: 2085701024 ns
[    5.044942] NET: Registered protocol family 2
[    5.047103] TCP established hash table entries: 16384 (order: 5, 131072 bytes)
[    5.049534] TCP bind hash table entries: 16384 (order: 6, 262144 bytes)
[    5.051663] TCP: Hash tables configured (established 16384 bind 16384)
[    5.053851] UDP hash table entries: 1024 (order: 3, 32768 bytes)
[    5.055720] UDP-Lite hash table entries: 1024 (order: 3, 32768 bytes)
[    5.07594] NET: Registered protocol family 1
[    5.086855] pci 0000:00:00.0: Limiting direct PCI/PCI transfes
[    5.117363] pci 0000:00:01.0: Activating ISA DMA hang workarounds
[    5.119668] Unpacking initramfs...

[    5.452910] Freeing initrd memory: 15432K
[    5.454584] clocksource: tsc: mask: 0xffffffffffffffff max_cycles: 0x2ca08564bf3, max_idle_ns: 440795312460 ns
[    5.458043] platform rtc_cmos: registered platform RTC device (no PNP device found)
[    5.460658] Scanning for low memory corruption every 60 seconds
[    5.463440] audit: initializing netlink subsys (disabled)
[    5.469275] audit: type=2000 audit(1593068136.019:1): initialized
[    5.471575] Initialise system trusted keyring
[    5.473437] HugeTLB registered 2 MB page size, pre-allocated 0 pages
[    5.484864] zbud: loaded
[    5.486354] VFS: Disk quotas dquot_6.6.0
[    5.487883] VFS: Dquot-cache hash table entries: 512 (order 0, 4096 bytes)
[    5.491821] squashfs: version 4.0 (2009/01/31) Phillip Lougher
[    5.495894] fuse init (API version 7.23)
[    5.497802] Key ype big_key registered
[    5.526468] Allocating IMA MOK and blacklist keyrings.

[    5.531308] Key type asymmetric registered
[    5.533282] Asymmetric key parser 'x509' registered
[    5.540709] Block layer SCSI generic (bsg) driver version 0.4 loaded (major 249)
[    5.544423] io scheduler noop registered
[    5.546117] io scheduler deadline registered (default)
[    5.549519] io scheduler cfq registered
[    5.551057] pci_hotplug: PCI Hot Plug PCI Core version: 0.5
[    5.553330] pciehp: PCI Express Hot Plug Controller Driver version: 0.4
[    5.556011] ACPI: AC Adapter [AC] (off-line)
[    5.557309] int: Power Button as /devices/LNXSYSTM:00/LNXPWRBN:00/input/input0

[    5.626802] ACPI: Power Button [PWRF]
[    5.629935] input: Sleep Button as /devices/LNXSYSTM:00/LNXSLPBN:00/input/input1
[    5.634402] ACPI: Sleep Button [SLPF]
[    5.636749] GHES: HEST is not enabled!
[    5.638155] ACPI: Battery Slot [BAT0] (battery present)
[    5.649590] Serial: 8250/16550 driver, 32 ports, IRQ sharing enabled
[    5.676129] 00:02: ttyS0 at I/O 0x3 (i = 4, base_baud = 115200)  a 16550A

[    5.886989] Linux agpgart interface v0.103
[    5.890814] loop: module loaded
[    5.892956] scsi host0: ata_piix
[    5.894465] scsi host1: ata_piix
[    5.895676] ata1: PATA max UDMA/33 cmd 0x1f0 ctl 0x3f6 bmdma 0xd000 irq 14
[    5.906311] ata2: PATA max UDMA/33 cmd 0x170 ctl 0x376 bmdma 0xd008 irq 15
[    5.933305] libphy: Fixed MDIO Bus: probed
[    5.935206] tun: Universal TUN/TAP device driver, 1.6
[    5.946489] tun: (C) 1999-2004 Max Krasnyansky <maxk@qualcomm.com>
[    5.958895] PPP generic driver version 2.4.2
[    5.962591] ehci_hcd: USB 2.0 'Enhanced' Host Controller (EHCI) Driver
[    5.974175] ehci-pci: EHCI PCI platform driver
[    5.975690] ehci-platform: EHCI generic platform driver
[    5.977455] ohci_hcd: USB 1.1 'Open' Host Controller (OHCI) Driver
[    5.986335] ohci-pci: OHCI PCI platform driver
[    5.993359] ohci-platform: OHCI generic platform driver
[    5.995133] uhci_hcd: USB Universal Host Controller Interface driver
[    6.004175] i8042: PNP: PS/2 Controller [PNP0303:PS2K,PNP0f03:PS2M] at 0x60,0x64 irq 1,12
[    6.027331] serio: i8042 KBD port at 0x60,0x64 irq 1
[    6.037905] serio: i8042 AUX port at 0x60,0x64 irq 12
[    6.039756] mousedev: PS/2 mouse device common for all mice
[    6.049332] input: AT Translated Set 2 keyboard as /devices/platform/i8042/serio0/input/input2
[    6.058068] rtc_cmos rtc_cmos: rtc core: registered rtc_cmos as rtc0
[    6.059951] rtc_cmos rtc_cmos: alarms up to one day, 114 bytes nvram
[    6.079371] i2c /dev entries driver
[    6.086252] device-mapper: uevent: version 1.0.3
[    6.094349] device-mapper: ioctl: 4.34.0-ioctl (2015-10-28) initialised: dm-devel@redhat.com
[    6.111187] ledtrig-cpu: registered to indicate activity on CPUs
[    6.119232] NET: Registered protocol family 10
[    6.121245] NET: Registered protocol family 17
[    6.133640] Key type dns_resolver registered
[    6.141284] registered taskstats version 1
[    6.142577] Loading compiled-in X.509 certificates
[    6.156661] Loaded X.509 cert 'Buid time autogenerated kerl key: f33c437cc9123712070bdfe9325b24c56047'
[  6.36001] zswap: loaded using pool lzo/zbud
[    6.469379] Key type trusted registered
[    6.486863] Key type encrypted registered
[    6.488557] AppArmor: AppArmor sha1 policy hashing enabled
[    6.496216] ima: No TPM chip found, activating TPM-bypass!
[    6.498051] ima: Allocated hash algorithm: sha1
[    6.499768] evm: HMAC attrs: 0x1
[    6.501392]   Magic number: 8:404:924
[    6.508479] rtc_cmos rtc_cmos: setting system clock to 2020-06-25 06:55:35 UTC (1593068135)
[    6.511517] BIOS EDD facility v0.16 2004-Jun-25, 0 devices found
[    6.519403] EDD information not available.
[    6.530500] Freeing unused kernel memory: 1488K
[    6.551743] Write protecting the kernel read-only data: 14336k
[    6.554164] Freeing unused kernel memory: 1604K
[    6.555927] Freeing unused kernel memory: 60K
Loading, please wait...
starting version 229
[    6.577202] random: systemd-udevd: uninitialized urandom read (16 bytes read, 7 bits of entropy available)
[    6.577874] random: udevadm: uninitialized urandom read (16 bytes read, 7 bits of entropy available)
[    6.577893] random: udevadm: uninitialized urandom read (16 bytes read, 7 bits of entropy available)
[    6.586470] random: udevadm: uninitialized urandom read (16 bytes read, 7 bits of entropy available)
[    6.586513] random: udevadm: uninitialized urandom read (16 bytes read, 7 bits of entropy available)
[    6.586649] random: udevadm: uninitialized urandom read (16 bytes read, 7 bits of entropy available)
[    6.586701] random: udevadm: uninitialized urandom read (16 bytes read, 7 bits of entropy available)
[    6.586754] random: udevadm: uninitialized urandom read (16 bytes read, 7 bits of entropy available)
[    6.586844] random: udevadm: uninitialized urandom read (16 bytes read, 7 bits of entropy available)
[    6.586898] random: udevadm: uninitialized urandom read (16 bytes read, 7 bits of entropy available)
[    6.783336] e1000: Intel(R) PRO/1000 Network Driver - version 7.3.21-k8-NAPI
[    6.824555] e1000: Copyright (c) 1999-2006 Intel Corporation.
[    6.837538] Fusion MPT base driver 3.04.20
[    6.928821] Copyright (c) 1999-2008 LSI Corporation
[    6.957462] Fusion MPT SPI Host driver 3.04.20
[    7.028361] AVX2 version of gcm_enc/dec engaged.
[    7.035174] AES CTR mode by8 optimization enabled
[    7.149541] input: ImExPS/2 Generic Explorer Mouse as /devices/platform/i8042/serio1/input/input4
[    7.365262] e1000 0000:00:03.0 eth0: (PCI:33MHz:32-bit) 02:a0:3d:de:85:bf
[    7.389597] e1000 0000:00:03.0 eth0: Intel(R) PRO/1000 Network Connection
[    7.392412] mptbase: ioc0: Initiating bringup
[    7.472816] ioc0: LSI53C1030 A0: Capabilities={Initiator}
[    8.256362] scsi host2: ioc0: LSI53C1030 A0, FwRev=00000000h, Ports=1, MaxQ=256, IRQ=20
[    9.272477] scsi 2:0:0:0: Direct-Access     VBOX     HARDDISK         1.0  PQ: 0 ANSI: 5
[    9.282276] scsi target2:0:0: Beginning Domain Validation
[    9.301493] scsi target2:0:0: Domain Validation skipping write tests
[    9.308769] scsi target2:0:0: Ending Domain Validation
[    9.310418] scsi target2:0:0: asynchronous
[    9.316109] scsi 2:0:1:0: Direct-Access     VBOX     HARDDISK         1.0  PQ: 0 ANSI: 5
[    9.318214] scsi target2:0:1: Beginning Domain Validation
[    9.320666] scsi target2:0:1: Domain Validation skipping write tests
[    9.322605] scsi target2:0:1: Ending Domain Validation
[    9.329569] scsi target2:0:1: asynchronous
[    9.344819] sd 2:0:0:0: Attached scsi generic sg0 type 0
[    9.346770] sd 2:0:0:0: [sda] 20971520 512-byte logical blocks: (10.7 GB/10.0 GiB)
[    9.364739] sd 2:0:1:0: Attached scsi generic sg1 type 0
[    9.367818] sd 2:0:1:0: [sdb] 20480 512-byte logical blocks: (10.5 MB/10.0 MiB)
[    9.370186] sd 2:0:0:0: [sda] Write Protect is off
[    9.371742] sd 2:0:1:0: [sdb] Write Protect is off
[    9.373314] sd 2:0:0:0: [sda] Incomplete mode parameter data
[    9.375092] sd 2:0:0:0: [sda] Assuming drive cache: write through
[    9.376947] sd 2:0:1:0: [sdb] Incomplete mode parameter data
[    9.378632] sd 2:0:1:0: [sdb] Assuming drive cache: write through
[    9.382513]  sda: sda1
[    9.385390] sd 2:0:1:0: [sdb] Attached SCSI disk
[    9.386967] sd 2:0:0:0: [sda] Attached SCSI disk
[    9.686413] e1000 0000:00:08.0 eth1: (PCI:33MHz:32-bit) 08:00:27:ae:33:eb
[    9.721120] e1000 0000:00:08.0 eth1: Intel(R) PRO/1000 Network Connection
[   10.195508] e1000 0000:00:09.0 eth2: (PCI:33MHz:32-bit) 08:00:27:3e:25:21
[   10.234392] e1000 0000:00:09.0 eth2: Intel(R) PRO/1000 Network Connection
[   10.248471] e1000 0000:00:03.0 enp0s3: renamed from eth0
[   10.260531] e1000 0000:00:09.0 enp0s9: renamed from eth2
[   10.272053] e1000 0000:00:08.0 enp0s8: renamed from eth1
Begin: Loading e[   11.635235] md: linear personality registered for level -1
ssential drivers ... [   11.649233] md: multipath personality registered for level -4
[   11.682340] md: raid0 personality registered for level 0
[   11.688384] md: raid1 personality registered for level 1
[   11.771854] raid6: sse2x1   gen() 11166 MB/s
[   11.839825] raid6: sse2x1   xor()  4772 MB/s
[   11.908350] raid6: sse2x2   gen() 10357 MB/s
[   11.975809] raid6: sse2x2   xor()  7356 MB/s
[   12.059697] raid6: sse2x4   gen() 16285 MB/s
[   12.159770] raid6: sse2x4   xor()  9414 MB/s
[   12.271805] raid6: avx2x1   gen() 20201 MB/s
[   12.379712] raid6: avx2x2   gen() 26428 MB/s
[   12.475731] raid6: avx2x4   gen() 27571 MB/s
[   12.491497] raid6: using algorithm avx2x4 gen() 27571 MB/s
[   12.498855] raid6: using avx2x2 recovery algorithm
[   12.508957] xor: automatically using best checksumming function:
[   12.564293]    avx       : 26383.000 MB/sec
[   12.590116] async_tx: api initialized (async)
[   12.615724] md: raid6 personality registered for level 6
[   12.632209] md: raid5 personality registered for level 5
[   12.695733] md: raid4 personality registered for level 4
[   12.709570] md: raid10 personality registered for level 10
done.
Begin: Running /scripts/init-premount ... done.
Begin: Mounting root file system ... Begin: Running /scripts/local-top ... done.
Begin: Running /scripts/local-premount ... [   12.750645] Btrfs loaded
Scanning for Btrfs filesystems
done.
Warning: fsck not present, so skipping root file system
[   12.789650] EXT4-fs (sda1): mounted filesystem with ordered data mode. Opts: (null)
done.
Begin: Running /scripts/local-bottom ... done.
Begin: Running /scripts/init-bottom ... done.
[   12.951012] systemd[1]: systemd 229 running in system mode. (+PAM +AUDIT +SELINUX +IMA +APPARMOR +SMACK +SYSVINIT +UTMP +LIBCRYPTSETUP +GCRYPT +GNUTLS +ACL +XZ -LZ4 +SECCOMP +BLKID +ELFUTILS +KMOD -IDN)
[   13.090255] systemd[1]: Detected virtualization oracle.
[   13.104585] systemd[1]: Detected architecture x86-64.

Welcome to [1mUbuntu 16.04.6 LTS[0m!

[   13.157821] systemd[1]: Set hostname to <dctf>.
[   13.420914] systemd[1]: Created slice User and Session Slice.
[[0;32m  OK  [0m] Created slice User and Session Slice.
[   13.424486] systemd[1]: Listening on udev Control Socket.
[[0;32m  OK  [0m] Listening on udev Control Socket.
[   13.427491] systemd[1]: Listening on udev Kernel Socket.
[[0;32m  OK  [0m] Listening on udev Kernel Socket.
[   13.430531] systemd[1]: Listening on Journal Socket (/dev/log).
[[0;32m  OK  [0m] Listening on Journal Socket (/dev/log).
[   13.435238] systemd[1]: Set up automount Arbitrary Executable File Formats File System Automount Point.
[[0;32m  OK  [0m] Set up automount Arbitrary Executab...ats File System Automount Point.
[   13.439678] systemd[1]: Listening on LVM2 poll daemon socket.
[[0;32m  OK  [0m] Listening on LVM2 poll daemon socket.
[   13.442866] systemd[1]: Listening on Journal Audit Socket.
[[0;32m  OK  [0m] Listening on Journal Audit Socket.
[   13.459287] systemd[1]: Listening on LVM2 metadata daemon socket.
[[0;32m  OK  [0m] Listening on LVM2 metadata daemon socket.
[   13.504486] systemd[1]: Reached target Encrypted Volumes.
[[0;32m  OK  [0m] Reached target Encrypted Volumes.
[   13.575603] systemd[1]: Reached target Swap.
[[0;32m  OK  [0m] Reached target Swap.
[   13.600295] systemd[1]: Listening on /dev/initctl Compatibility Named Pipe.
[[0;32m  OK  [0m] Listening on /dev/initctl Compatibility Named Pipe.
[   13.618025] systemd[1]: Listening on Journal Socket.
[[0;32m  OK  [0m] Listening on Journal Socket.
[   13.636956] systemd[1]: Started Forward Password Requests to Wall Directory Watch.
[[0;32m  OK  [0m] Started Forward Password Requests to Wall Directory Watch.
[   13.666508] systemd[1]: Reached target User and Group Name Lookups.
[[0;32m  OK  [0m] Reached target User and Group Name Lookups.
[   13.738606] systemd[1]: Reached target System Time Synchronized.
[[0;32m  OK  [0m] Reached target System Time Synchronized.
[   13.757298] systemd[1]: Listening on Device-mapper event daemon FIFOs.
[[0;32m  OK  [0m] Listening on Device-mapper event daemon FIFOs.
[   13.826806] systemd[1]: Created slice System Slice.
[[0;32m  OK  [0m] Created slice System Slice.
[   13.888076] systemd[1]: Starting Uncomplicated firewall...
[   13.890152] random: nonblocking pool is initialized
         Starting Uncomplicated firewall...
[   13.895095] systemd[1]: Starting Set console keymap...
         Starting Set console keymap...
[   13.900183] systemd[1]: Created slice system-serial\x2dgetty.slice.
[[0;32m  OK  [0m] Created slice system-serial\x2dgetty.slice.
[   13.936406] systemd[1]: Starting Load Kernel Modules...
         Starting Load Kernel Modules...
[   13.941452] systemd[1]: Mounting Huge Pages File System...
         Mounting Huge Pages File System...
[   13.961838] systemd[1]: Mounting Debug File System...
         [   13.964258] Loading iSCSI transport class v2.0-870.
Mounting Debug File System...
[   13.967635] systemd[1]: Mounting POSIX Message Queue File System...
         Mounting POSIX Message Queue File System...
[   13.974671] systemd[1]: Reached target Slices.
[[0;32m  OK  [0[   13.978340] iscsi: registered transport (tcp)
m] Reached target Slices.
[   14.031104] systemd[1]: Starting Create list of required static device nodes for the current kernel...
         Starting Create list of required st... nodes for the current kernel...
[   14.088064] systemd[1]: Starting Remount Root and Kernel File Systems...
         [   14.093048] EXT4-fs (sda1): re-mounted. Opts: (null)
Starting Remount Root and Kernel[   14.125790] iscsi: registered transport (iser)
 File Systems...
[   14.141293] systemd[1]: Starting Monitoring of LVM2 mirrors, snapshots etc. using dmeventd or progress polling...
         Starting Monitoring of LVM2 mirrors... dmeventd or progress polling...
[   14.236732] systemd[1]: Listening on Syslog Socket.
[[0;32m  OK  [0m] Listening on Syslog Socket.
[   14.240437] systemd[1]: Starting Journal Service...
         Starting Journal Service...
[   14.264665] systemd[1]: Started Trigger resolvconf update for networkd DNS.
[[0;32m  OK  [0m] Started Trigger resolvconf update for networkd DNS.
[   14.300453] systemd[1]: Starting Nameserver information manager...
         Starting Nameserver information manager...
[   14.381986] systemd[1]: Mounted Huge Pages File System.
[[0;32m  OK  [0m] Mounted Huge Pages File System.
[   14.449143] systemd[1]: Mounted POSIX Message Queue File System.
[[0;32m  OK  [0m] Mounted POSIX Message Queue File System.
[   14.463063] systemd[1]: Mounted Debug File System.
[[0;32m  OK  [0m] Mounted Debug File System.
[   14.473567] systemd[1]: Started Journal Service.
[[0;32m  OK  [0m] Started Journal Service.
[[0;32m  OK  [0m] Started Uncomplicated firewall.
[[0;32m  OK  [0m] Started Set console keymap.
[[0;32m  OK  [0m] Started Load Kernel Modules.
[[0;32m  OK  [0m] Started Create list of required sta...ce nodes for the current kernel.
[[0;32m  OK  [0m] Started Remount Root and Kernel File Systems.
[[0;32m  OK  [0m] Started LVM2 metadata daemon.
         Starting Load/Save Random Seed...
         Starting udev Coldplug all Devices...
         Starting Create Static Device Nodes in /dev...
         Mounting FUSE Control File System...
         Starting Apply Kernel Variables...
         Starting Flush Journal to Persistent Storage...
[[0;32m  OK  [0m] Mounted FUSE Control File System.
[[0;32m  OK  [0m] Started Nameserver information manager.
[[0;32m  OK  [0m] Started Load/Save Random Seed.
[[0;32m  OK  [0m] Started Create Static Device Nodes in /dev.
[[0;32m  OK  [0m] Started Apply Kernel Variables.
[[0;32m  OK  [0m] Started udev Coldplug all Devices.
         Starting udev Kernel Device Manager...
[[0;32m  OK  [0m] Started Flush Journal to Persistent Storage.
[[0;32m  OK  [0m] Started udev Kernel Device Manager.
[[0;32m  OK  [0m] Started Dispatch Password Requests to Console Directory Watch.
[[0;32m  OK  [0m] Started Monitoring of LVM2 mirrors,...ng dmeventd or progress polling.
[[0;32m  OK  [0m] Reached target Local File Systems (Pre).
[[0;32m  OK  [0m] Reached target Local File Systems.
         Starting Tell Plymouth To Write Out Runtime Data...
         Starting Set console font and keymap...
         Starting Create Volatile Files and Directories...
         Starting Initial cloud-init job (pre-networking)...
         Starting LSB: AppArmor initialization...
[[0;32m  OK  [0m] Started Tell Plymouth To Write Out Runtime Data.
[[0;32m  OK  [0m] Started Create Volatile Files and Directories.
         Starting Update UTMP about System Boot/Shutdown...
[[0;32m  OK  [0m] Started Update UTMP about System Boot/Shutdown.
[[0;32m  OK  [0m] Found device /dev/ttyS0.
[[0;32m  OK  [0m] Started LSB: AppArmor initialization.
[[0;32m  OK  [0m] Listening on Load/Save RF Kill Switch Status /dev/rfkill Watch.
[[0;32m  OK  [0m] Found device 82540EM Gigabit Ethern...r (PRO/1000 MT Desktop Adapter).
[[0;32m  OK  [0m] Found device 82540EM Gigabit Ethern...r (PRO/1000 MT Desktop Adapter).
[[0;32m  OK  [0m] Found device 82540EM Gigabit Ethern...r (PRO/1000 MT Desktop Adapter).
[   11.950911] [[0;32m  OK  [0m] Started Set console font and keymap.
[[0;32m  OK  [0m] Created slice system-getty.slice.
cloud-init[489]: Cloud-init v. 19.4-33-gbb4131a2-0ubuntu1~16.04.1 running 'init-local' at Thu, 25 Jun 2020 06:55:44 +0000. Up 11.56 seconds.
[[0;32m  OK  [0m] Started Initial cloud-init job (pre-networking).
[[0;32m  OK  [0m] Reached target Network (Pre).
[[0;32m  OK  [0m] Started ifup for enp0s8.
[[0;32m  OK  [0m] Started ifup for enp0s3.
[[0;32m  OK  [0m] Started ifup for enp0s9.
         Starting Raise network interfaces...
[[0;32m  OK  [0m] Started Raise network interfaces.
         Starting Initial cloud-init job (metadata service crawler)...
[[0;32m  OK  [0m] Reached target Network.
[   17.393536] cloud-init[1222]: Cloud-init v. 19.4-33-gbb4131a2-0ubuntu1~16.04.1 running 'init' at Thu, 25 Jun 2020 06:55:50 +0000. Up 16.85 seconds.
[   17.411495] cloud-init[1222]: ci-info: ++++++++++++++++++++++++++++++++++++++Net device info+++++++++++++++++++++++++++++++++++++++
[   17.434894] cloud-init[1222]: ci-info: +--------+------+-----------------------------+---------------+--------+-------------------+
[   17.438566] cloud-init[1222]: ci-info: | Device |  Up  |           Address           |      Mask     | Scope  |     Hw-Address    |
[[   17.460611] cloud-init[1222]: ci-info: +--------+------+-----------------------------+---------------+--------+-------------------+
[   17.462046] cloud-init[1222]: ci-info: | enp0s3 | True |          10.0.2.15          | 255.255.255.0 | global | 02:a0:3d:de:85:bf |
[   17.462700] cloud-init[1222]: ci-info: | enp0s3 | True |  fe80::a0:3dff:fede:85bf/64 |       .       |  link  | 02:a0:3d:de:85:bf |
[0;32m  OK  [0m] Started Initial cloud-init job (metadata service crawler).
[   17.463300] cloud-init[1222]: ci-info: | enp0s8 | True |        192.168.33.20        | 255.255.255.0 | global | 08:00:27:ae:33:eb |
[   17.482296] cloud-init[1222]: ci-info: | enp0s8 | True | fe80::a00:27ff:feae:33eb/64 |       .       |  link  | 08:00:27:ae:33:eb |
[   17.482767] cloud-init[1222]: ci-info: | enp0s9 | True |         192.168.0.17        | 255.255.255.0 | global | 08:00:27:3e:25:21 |
[   17.483272] cloud-init[1222]: ci-info: | enp0s9 | True | fe80::a00:27ff:fe3e:2521/64 |       .       |  link  | 08:00:27:3e:25:21 |
[[0;32m  OK  [0m] Reached target System Initialization.[   17.483773] 
cloud-init[1222]: ci-info: |   lo   | True |          127.0.0.1          |   255.0.0.0   |  host  |         .         |
[   17.567804] cloud-init[1222]: ci-info: |   lo   | True |           ::1/128           |       .       |  host  |         .         |
[   17.568521] cloud-init[1222]: ci-info: +--------+------+-----------------------------+---------------+--------+-------------------+
[[0;32m  OK  [0m] Listening on D-Bus System Message Bus Socket.
[   17.568922] cloud-init[1222]: ci-info: ++++++++++++++++++++++++++++Route IPv4 info++++++++++++++++++++++++++++
         [   17.590609] cloud-init[1222]: ci-info: +-------+--------------+----------+---------------+-----------+-------+
[   17.591988] cloud-init[1222]: ci-info: | Route | Destination  | Gateway  |    Genmask    | Interface | Flags |
Starting Socket activation for snappy daemon.
[   17.592553] cloud-init[1222]: ci-info: +-------+--------------+----------+---------------+-----------+-------+
[   17.716223] cloud-init[1222]: ci-info: |   0   |   0.0.0.0    | 10.0.2.2 |    0.0.0.0    |   enp0s3  |   UG  |
[   17.716995] cloud-init[1222]: ci-info: |   1   |   10.0.2.0   | 0.0.0.0  | 255.255.255.0 |   enp0s3  |   U   |
         Starting LXD - unix socket.
[   17.717360] cloud-init[1222]: ci-info: |   2   | 192.168.0.0  | 0.0.0.0  | 255.255.255.0 |   enp0s9  |   U   |
[   17.770202] cloud-init[1222]: ci-info: |   3   | 192.168.33.0 | 0.0.0.0  | 255.255.255.0 |   enp0s8  |   U   |
[   17.770631] cloud-init[1222]: ci-info: +-------+--------------+----------+---------------+-----------+-------+
[   17.770885] cloud-init[1222]: ci-info: +++++++++++++++++++Route IPv6 info+++++++++++++++++++
[   17.771137] cloud-init[1222]: ci-info: +-------+-------------+---------+-----------+-------+
[   17.771389] cloud-init[1222]: ci-info: | Route | Destination | Gateway | Interface | Flags |
[   17.771706] cloud-init[1222]: ci-info: +-------+-------------+---------+-----------+-------+
[   17.772006] cloud-init[1222]: ci-info: |   0   |  fe80::/64  |    ::   |   enp0s8  |   U   |
[   17.772591] cloud-init[1222]: ci-info: |   1   |  fe80::/64  |    ::   |   enp0s9  |   U   |
[   17.772638] cloud-init[1222]: ci-info: |   2   |  fe80::/64  |    ::   |   enp0s3  |   U   |
[[0;32m  OK  [0m] Started Daily apt download activities.
[[0;32m  OK  [0m[   17.772758] cloud-init[1222]: ci-info: |   8   |   ff00::/8  |    ::   |   enp0s8  |   U   |
[   17.818393] cloud-init[1222]: ci-info: |   9   |   ff00::/8  |    ::   |   enp0s9  |   U   |
] Started Daily apt upgrade and clean activities.
[[   17.818515] cloud-init[1222]: ci-info: |   10  |   ff00::/8  |    ::   |   enp0s3  |   U   |
[   17.864964] cloud-init[1222]: ci-info: +-------+-------------+---------+-----------+-------+
[0;32m  OK  [0m] Listening on UUID daemon activation socket.
[[0;32m  OK  [0m] Started ACPI Events Check.
[[0;32m  OK  [0m] Reached target Paths.
[[0;32m  OK  [0m] Started Message of the Day.
[[0;32m  OK  [0m] Started Daily Cleanup of Temporary Directories.
[[0;32m  OK  [0m] Reached target Timers.
[[0;32m  OK  [0m] Listening on ACPID Listen Socket.
[[0;32m  OK  [0m] Reached target Network is Online.
         Starting iSCSI initiator daemon (iscsid)...
[[0;32m  OK  [0m] Reached target Cloud-config availability.
[[0;32m  OK  [0m] Listening on Socket activation for snappy daemon.
[[0;32m  OK  [0m] Listening on LXD - unix socket.
[[0;32m  OK  [0m] Reached target Sockets.
[[0;32m  OK  [0m] Reached target Basic System.
         Starting LSB: Record successful boot for GRUB...
         Starting LXD - container startup/shutdown...
         Starting Accounts Service...
         Starting /etc/rc.local Compatibility...
[[0;32m  OK  [0m] Started Deferred execution scheduler.
         Starting vboxadd.service...
         Starting A high performance web server and a reverse proxy server...
         Starting Snappy daemon...
[[0;32m  OK  [0m] Started FUSE filesystem for LXC.
         Starting MySQL Community Server...
         Starting Message of the Day...
         Starting Login Service...
[[0;32m  OK  [0m] Started D-Bus System Message Bus.
[[0;32m  OK  [0m] Started Regular background program processing daemon.
         Starting LSB: MD monitoring daemon...
[[0;32m  OK  [0m] Started ACPI event daemon.
         Starting System Logging Service...
         Starting OpenBSD Secure Shell server...
[[0;32m  OK  [0m] Started iSCSI initiator daemon (iscsid).
[[0;32m  OK  [0m] Started LXD - container startup/shutdown.
[[0;32m  OK  [0m] Started /etc/rc.local Compatibility.
[[0;32m  OK  [0m] Started System Logging Service.
[[0;32m  OK  [0m] Started Login Service.
[[0;32m  OK  [0m] Started LSB: Record successful boot for GRUB.
[[0;32m  OK  [0m] Started LSB: MD monitoring daemon.
[[0;32m  OK  [0m] Started A high performance web server and a reverse proxy server.
[[0;32m  OK  [0m] Started Unattended Upgrades Shutdown.
         Starting Authenticate and Authorize Users to Run Privileged Tasks...
         Starting Login to default iSCSI targets...
[[0;32m  OK  [0m] Started OpenBSD Secure Shell server.
[[0;32m  OK  [0m] Started Authenticate and Authorize Users to Run Privileged Tasks.
[[0;32m  OK  [0m] Started Accounts Service.
[[0;32m  OK  [0m] Started Login to default iSCSI targets.
[[0;32m  OK  [0m] Reached target Remote File Systems (Pre).
[[0;32m  OK  [0m] Reached target Remote File Systems.
         Starting LSB: automatic crash report generation...
         Starting LSB: daemon to balance interrupts for SMP systems...
         Starting LSB: Apache2 web server...
         Starting Permit User Sessions...
         Starting LSB: Set the CPU Frequency Scaling governor to "ondemand"...
[[0;32m  OK  [0m] Started Snappy daemon.
[[0;32m  OK  [0m] Started Permit User Sessions.
         Starting Hold until boot process finishes up...
         Starting Terminate Plymouth Boot Screen...
         Starting Wait until snapd is fully seeded...
[[0;32m  OK  [0m] Started LSB: daemon to balance interrupts for SMP systems.
[[0;32m  OK  [0m] Started Hold until boot process finishes up.
[[0;32m  OK  [0m] Started Serial Getty on ttyS0.
[[0;32m  OK  [0m] Started Getty on tty1.
[[0;32m  OK  [0m] Reached target Login Prompts.
         Starting Set console scheme...
[[0;32m  OK  [0m] Started LSB: automatic crash report generation.
[[0;32m  OK  [0m] Started Terminate Plymouth Boot Screen.
[[0;32m  OK  [0m] Started LSB: Set the CPU Frequency Scaling governor to "ondemand".
[[0;32m  OK  [0m] Started Set console scheme.
[[0;32m  OK  [0m] Created slice User Slice of ubuntu.
         Starting User Manager for UID 1000...
[[0;32m  OK  [0m] Started vboxadd.service.
[[0;32m  OK  [0m] Started Session 1 of user ubuntu.
         Starting vboxadd-service.service...
[[0;32m  OK  [0m] Started User Manager for UID 1000.
[[0;32m  OK  [0m] Started Wait until snapd is fully seeded.
         Starting Apply the settings specified in cloud-config...
[[0;1;31mFAILED[0m] Failed to start vboxadd-service.service.
See 'systemctl status vboxadd-service.service' for details.
[[0;32m  OK  [0m] Started LSB: Apache2 web server.
[[0;32m  OK  [0m] Started MySQL Community Server.
[[0;32m  OK  [0m] Reached target Multi-User System.
[[0;32m  OK  [0m] Reached target Graphical Interface.
[   20.720721] cloud-init[1591]: Cloud-init v. 19.4-33-gbb4131a2-0ubuntu1~16.04.1 running 'modules:config' at Thu, 25 Jun 2020 06:55:53 +0000. Up 20.59 seconds.
         Starting Update UTMP about System Runlevel Changes...
[[0;32m  OK  [0m] Started Update UTMP about System Runlevel Changes.
[[0;32m  OK  [0m] Started Apply the settings specified in cloud-config.
         Starting Execute cloud user/final scripts...
[[0;32m  OK  [0m] Started Message of the Day.
[   21.213989] cloud-init[1729]: Cloud-init v. 19.4-33-gbb4131a2-0ubuntu1~16.04.1 running 'modules:final' at Thu, 25 Jun 2020 06:55:54 +0000. Up 21.09 seconds.
[   21.236767] cloud-init[1729]: Cloud-init v. 19.4-33-gbb4131a2-0ubuntu1~16.04.1 finished at Thu, 25 Jun 2020 06:55:54 +0000. Datasource DataSourceNoCloud [seed=/dev/sdb][dsmode=net].  Up 21.19 seconds
[[0;32m  OK  [0m] Started Execute cloud user/final scripts.
[[0;32m  OK  [0m] Reached target Cloud-init target.

Ubuntu 16.04.6 LTS dctf ttyS0

dctf login:          Stopping Session 1 of user ubuntu.
[[0;32m  OK  [0m] Stopped target Cloud-init target.
[[0;32m  OK  [0m] Stopped target Graphical Interface.
         Stopping User Manager for UID 1000...
[[0;32m  OK  [0]         Stopping Serial Getty on ttyS0...
         Stopping FUSE filesystem for LXC...
         Stopping MySQL Community Server...
         Stopping LSB: Record successful boot for GRUB...
         Stopping Session 3 of user ubuntu.
         Stopping Authenticate and Authorize Users to Run Privileged Tasks...
         Stopping Getty on tty1...
[[0;32m  OK  [0m] Stopped Wait until snapd is fully seeded.
[[0;32m  OK  [0m] Stopped Daily Cleanup of Temporary Directories.
         Stopping vboxadd.service...
         Stopping A high performance web server and a reverse proxy server...
[[0;32m  OK  [0m] Stopped target Cloud-config availability.
[[0;32m  OK  [0m] Closed Load/Save RF Kill Switch Status /dev/rfkill Watch.
         Stopping Accounts Service...
         Stopping LXD - container startup/shutdown...
         Stopping Unattended Upgrades Shutdown...
[[0;32m  OK  [0m] Stopped Daily apt upgrade and clean activities.
[[0;32m  OK  [0m] Stopped Daily apt download activities.
[[0;32m  OK  [0m] Stopped target System Time Synchronized.
         Stopping ACPI event daemon...
         Stopping OpenBSD Secure Shell server...
[[0;32m  OK  [0m] Unmounted /vagrant.
[[0;32m  OK  [0m] Unmounted /var/lib/lxcfs.
[[0;32m  OK  [0m] Stopped Accounts Service.
[[0;32m  OK  [0m] Stopped Deferred execution scheduler.
[[0;32m  OK  [0m] Stopped Regular background program processing daemon.
[[0;32m  OK  [0m] Stopped ACPI event daemon.
[[0;32m  OK  [0m] Stopped System Logging Service.
[[0;32m  OK  [0m] Stopped OpenBSD Secure Shell server.
[[0;32m  OK  [0m] Stopped Unattended Upgrades Shutdown.
[[0;32m  OK  [0m] Stopped Authenticate and Authorize Users to Run Privileged Tasks.
[[0;32m  OK  [0m] Stopped Serial Getty on ttyS0.
[[0;32m  OK  [0m] Stopped Getty on tty1.
[[0;32m  OK  [0m] Stopped User Manager for UID 1000.
[[0;32m  OK  [0m] Stopped Session 1 of user ubuntu.
[[0;32m  OK  [0m] Stopped D-Bus System Message Bus.
[[0;32m  OK  [0m] Stopped Session 3 of user ubuntu.
[[0;32m  OK  [0m] Stopped vboxadd.service.
[[0;32m  OK  [0m] Stopped A high performance web server and a reverse proxy server.
[[0;32m  OK  [0m] Stopped FUSE filesystem for LXC.
[[0;32m  OK  [0m] Stopped LSB: MD monitoring daemon.
[[0;32m  OK  [0m] Stopped LSB: daemon to balance interrupts for SMP systems.
[[0;32m  OK  [0m] Stopped LXD - container startup/shutdown.
[[0;32m  OK  [0m] Stopped LSB: Set the CPU Frequency Scaling governor to "ondemand".
[[0;32m  OK  [0m] Stopped LSB: automatic crash report generation.
[[0;32m  OK  [0m] Stopped LSB: Record successful boot for GRUB.
[[0;32m  OK  [0m] Removed slice User Slice of ubuntu.
[[0;32m  OK  [0m] Removed slice system-getty.slice.
[[0;32m  OK  [0m] Stopped /etc/rc.local Compatibility.
         Stopping Permit User Sessions...
[[0;32m  OK  [0m] Removed slice system-serial\x2dgetty.slice.
         Stopping Login Service...
[[0;32m  OK  [0m] Stopped Permit User Sessions.
[[0;32m  OK  [0m] Stopped target Remote File Systems.
[[0;32m  OK  [0m] Stopped target Remote File Systems (Pre).
         Stopping Login to default iSCSI targets...
[[0;32m  OK  [0m] Stopped Login Service.
[[0;32m  OK  [0m] Stopped target User and Group Name Lookups.
[[0;32m  OK  [0m] Stopped Login to default iSCSI targets.
         Stopping iSCSI initiator daemon (iscsid)...
[[0;32m  OK  [0m] Stopped iSCSI initiator daemon (iscsid).
[[0;32m  OK  [0m] Stopped target Network is Online.
[[0;32m  OK  [0m] Stopped MySQL Community Server.
[[0;32m  OK  [0m] Stopped target Network.
[[0;32m  OK  [0m] Stopped target Basic System.
[[0;32m  OK  [0m] Stopped target Paths.
[[0;32m  OK  [0m] Stopped ACPI Events Check.
[[0;32m  OK  [0m] Stopped Dispatch Password Requests to Console Directory Watch.
[[0;32m  OK  [0m] Stopped Forward Password Requests to Wall Directory Watch.
[[0;32m  OK  [0m] Stopped target Slices.
[[0;32m  OK  [0m] Removed slice User and Session Slice.
[[0;32m  OK  [0m] Stopped target Sockets.
[[0;32m  OK  [0m] Closed Socket activation for snappy daemon.
[[0;32m  OK  [0m] Closed UUID daemon activation socket.
[[0;32m  OK  [0m] Closed D-Bus System Message Bus Socket.
[[0;32m  OK  [0m] Closed ACPID Listen Socket.
[[0;32m  OK  [0m] Closed LXD - unix socket.
[[0;32m  OK  [0m] Stopped target System Initialization.
         Stopping Load/Save Random Seed...
[[0;32m  OK  [0m] Stopped target Encrypted Volumes.
[[0;32m  OK  [0m] Stopped target Swap.
         Stopping Update UTMP about System Boot/Shutdown...
[[0;32m  OK  [0m] Stopped Initial cloud-init job (metadata service crawler).
         Stopping Raise network interfaces...
[[0;32m  OK  [0m] Closed Syslog Socket.
[[0;32m  OK  [0m] Stopped Load/Save Random Seed.
[[0;32m  OK  [0m] Stopped Update UTMP about System Boot/Shutdown.
[[0;32m  OK  [0m] Stopped Create Volatile Files and Directories.
[[0;32m  OK  [0m] Stopped Raise network interfaces.
[[0;32m  OK  [0m] Stopped target Network (Pre).
[[0;32m  OK  [0m] Stopped Initial cloud-init job (pre-networking).
[[0;32m  OK  [0m] Stopped target Local File Systems.
         Unmounting /run/user/1000...
[[0;32m  OK  [0m] Stopped Apply Kernel Variables.
[[0;32m  OK  [0m] Stopped Load Kernel Modules.
[[0;32m  OK  [0m] Unmounted /run/user/1000.
[[0;32m  OK  [0m] Reached target Unmount All Filesystems.
[[0;32m  OK  [0m] Stopped target Local File Systems (Pre).
         Stopping Monitoring of LVM2 mirrors... dmeventd or progress polling...
[[0;32m  OK  [0m] Stopped Create Static Device Nodes in /dev.
[[0;32m  OK  [0m] Stopped Remount Root and Kernel File Systems.
[[0;32m  OK  [0m] Reached target Shutdown.
[  127.73233] rebt: Power down
