[    000000]nialzing cgrup subsys cpuet
    0.000000] Initializing cgroup subsys cpu
[    0.000000] Initializing cgroup subsys cpuacct
[    00000] Linux versio4..0178-generi(bldd@lgw01-amd-0) (gcc version 5.4.2060609 (Ubunu 4.-6ubtu16.04.12) ) #208-Ubuntu SMP Sun Apr 5 23:450 C 020 (Ubuntu 4.4.0-1.28-generic 4.4.217)
[    0.00000] ommand line: BOOT_IMAGE=/boot/vmlnu4..0-178-genec oot=UUID=a2a54237-2bfa-4a1b-a16b-56555a4786e1 ro nse=ty1 console=ttyS0
[  .00000] KERNEL suord cpus:
[  0.00000]  IntelenneIntel
[    0.000000]  AMD AuthenticAMD
[    0.000000]   Centaur CtaHauls
[    0.000000] x86/fpu: xstate_offset[2]:  576, xstate_sizes[2]:  256
[    0.000000] x86/fpu: Supporting XSAVE ftu 001:x8flating pot gisters'
[  000000] x86/u:upporting XSE feate 0x02: 'SSE risrs'
[    0.0000]86/fpu: SupportinXSE feaur0x04: 'AVX registers'
[    0.000000] x86/fpu: Enabled xstate features 0x7, context size is 832 bytes, using 'standard' format.
[    0.000000] e820: BIO-povided physical RAMmap:
[    0.000000] BIOS-e820: [mem 0x0000000000000000-0x000000000009fbff] usable
[    0.00000BIS-e80: [mem 0x000000009fc00-0x0000009ffff] reseed
[    0.000000] BIOe8: [mem 0x00000000f0000-0x00000000000fffff] reserved
[    0000] BIOS-e820: [me0x00000000000000-x00000ffeffff] usable
[    0.000000] BIOS-e820: [mem 0x000000007fff0000-0x000000007fffffff] ACPI data
[    0.000000] BIOS-e820: [mem 0x00000000fec00000-0x00000000fec00fff] reserved
[    0.000000] BIOS-e820: [mem 0x00000000fee00000-0x00000000fee00fff] reserved
[    0.000000] BIOS-e820: [mem 0x00000000fffc0000-0x00000000ffffffff] reserved
[    0.000000] NX (Execute Disable) protection: active
[    0.000000] SMBIOS 2.5 present.
[    0.000000] Hypervisor detected: KVM
[    0.000000] e820: last_pfn = 0x7fff0 max_arch_pfn = 0x400000000
[    0.000000] MTRR: Disabled
[    0.000000] x86/PAT: MTRRs disabled, skipping PAT initialization too.
[    0.000000] CPU MTRRs all blank - virtualized system.
[    0.000000] x86/PAT: Configuration [0-7]: WB  WT  UC- UC  WB  WT  UC- UC  
[    0.000000] found SMP MP-table at [mem 0x0009fff0-0x0009ffff] mapped at [ffff88000009fff0]
[    0.000000] Scanning 1 areas for low merycorruption[   0.0000] AMDISK: [mem 36c000-0x370ddfff]
[  0.000000] ACPI: Eay tbl checksum vefition disabd[    0.00000ACI: RSDP 0x0000000E0000 000024 (v02 VBOX  )
[    0.000000] ACPI: XSDT 0x000000007FFF0030 00003C (v01 VBOX   VBOXXSDT 00000001 ASL  00000061)
[    0.000000] ACPI: FACP 0x000000007FFF00F0 00000F4 (v04 VBOX   VBOXFACP 00000001 ASL  00000061)
[    0.000000] ACPI: DSDT 0x000000007FFF0470 0021FF (v02 VBOX   VBOXBIOS 00000002 INTL 20100528)
[    0.000000] ACPI: FACS 0x000000007FFF0200 000040
[    0.000000] ACPI: FACS 0x000000007FFF0200 000040
[    0.000000] ACPI: APIC 0x000000007FFF0240 00005C (v02 VBOX   VBOXAPIC 00000001 ASL  00000061)
[    0.000000] ACPI: SSDT 0x000000007FFF02A0 0001CC (v01 VBOX   VBOXCPUT 00000002 INTL 20100528)
[    0.000000] No NUMAonfiguration found
[    0.000000] Faking a node at [mem 0000000000000-00000007ffeffff]
  0.000] NODE_DATA(0)llocated [mem 0x7ffeb000-0x7ffeff]
[    0.000000] kvm-clock: Usingsr4b564d01 and 4b564d00
[    0.000000] kvm-clock: cpu 0, msr 0:7ffe3001, primary cpu clock
[    0.000000] kvm-clock: usinschedoffset of 37809806ycles
[    0000] cckurce kvm-clock: mask: 0xfffffffffffffffax_cycles: 0x1cd42e4dffb, max_idle_ns: 881590591483 ns
[    0.000000] Zone ranges:
[    0.000000]   DMA      [mem 0x0000000000001000-0x0000000000ffffff]
[    0.000]  DMA32    [me 0000000010000-000000007ffeffff]
[  .00000]   Normal ety
[    0.0000]   vice   empty
[    0.0000]ovble  zone starfoeach node
[    0.000000] Early memory node ranges
[    0.000000]   node   0: [mem 0x0000000000001000-0x000000000009efff]
[    0.000000]   node   0: [mem 0x0000000000100000-0x000000007ffeffff
[    0.000000] Initmem setup node 0 [mem 0x0000000000001000-0x000000007ffeffff]
[    0.000000] ACPI: PM-Timer IO Port: 0x4008
[    0.000] OAPC[0]: ap_i 2, vesion 32, addres 0fec00000, GSI 0-23
[    0.000000] ACPI: INSRC_OVR us0 bus_iq 0 obl_ir2 l dfl)
[    0.000000] ACPIIN_SRCVRbus 0 bus_irq 9 global_irq 9 low level)
[    0.000000] Using ACPI (MADT) for SMP configuration information
[    0.000000] smpboot: Allowng CUs, 0 hotugPU
[    0000]PM: Registered nove memoy:me 0x00000000x000fff]
[    0.000000] PM: Registered nosave memory: [mem 0x0009f000-0x0009ffff]
[    0.000000] PM: Registered nosave memory: [mem 0x0a000-00ffff]
[    0.0000 P: Rested nosave memy: [mem 0x000f0000-0x000fffff]
[   0.000000] e820: [mem x800000-0xfebfffff] available for PCI evices
   0.0000] Booting paravirtualized kernel on M
[    0.000000] clocksource: refined-jiffies: mask:xffffff max_cle 0xffffff, max_idle_ns: 7645519600211568 ns
[    0.000000] setup_percpu: NR_CPUS:512 n_cumask_bits:2 r_c_i:2 n_ne_ids:1
[   0.000000] PERCPU: Embedded 33 pages/cpu @ffff88007fc00000 s95448 r8192 d31528 u1048576
[    000000] Built 1 zonelists in Node order, mobility grouping on.  Total ges: 5160
[    0.000000] Policy zone: DMA32
[    0.000000] Kernel command line: BOOT_IMAGE=/boot/vmliz-4.0-178-genicoot=UUID=a2a54237-faa1b-a16b-56555a4786e1 ro console=tty1 conse=yS0
[    0.0000] D hash tlentries: 4096 (order: 3, 32768 bytes)
[    0.000000] Memory: 2029312K/2096696K available (8626Kernel code, 1336K rwdata, 4036K rodata, 1488K init, 1292K bss, 67384K reserved, 0K cma-reserved)
[    0.0000] SLUB: HWalign=64, Order=0-3, MinObjects=0, CPUs=2, Nodes=1
[    0.000000] Kernel/User pge tables isolation: enabled
[    0.000000] Hierarchical RCU implementaon.
[    0.000000 	Build-time adjustment of leaf fanout to 64.
[    0.000000] 	RCU restricting CPU from NR_CPUS=512 to nnr_cpu_ids=2.
[    0.000000] RCU: Adjusting geometry forrcu_fanut_leaf=64, nr_cpu_ids=2
[    0.000000] NR_IRQS:33024 nr_irqs:440 16
[    0.000000] Console: colour VGA+0x5
[    0.000000] consolett] enabled
[    0.000000] console [ttyS0] enabled
[    0.000000] tsc: Detected 3096.000 MHz processor
[    6.471759] Calibrating delay loop (skipped) preset value.. 6192.00 BogoMIPS (lpj=12384000)
[    6.473930] pid_max: default: 32768 minimum: 301
[    6.475437] ACPI: Core revision 20150930
[    6.477404] ACPI: 2 ACPI AML tables successfully acquired and loaded
[    6.525660] Security Framework initialized
[    6.533819] Yama: becoming mindful.
[    6.540422] AppArmor: AppArmor initialized
[    6.543700] Dentry cache hash table entries: 262144 (order: 9, 2097152 bytes)
[    6.568814] Inode-cache hash table entries: 131072 (order: 8, 1048576 bytes)
[    6.612134] Mount-cache hash table entries: 4096 (order: 3, 32768 bytes)
[    6.648688] Mountpoint-cache hash table entries: 4096 (order: 3, 32768 bytes)
[    6.668551] Initializing cgroup subsys io
[    6.677449] Initializing cgroup subsys memory
[    6.678576] Initializing cgroup subsys devices
[    6.679758] Initializing cgroup subsys freezer
[    6.680948] Initializing cgroup subsys net_cls
[    6.682150] Initializing cgroup subsys perf_event
[    6.683509] Initializing cgroup subsys net_prio
[    6.684906] Initializing cgroup subsys hugetlb
[    6.685983] Initializing cgroup subsys pids
[    6.691976] mce: CPU supports 0 MCE banks
[    6.715041] Last level iTLB entries: 4KB 64, 2MB 8, 4MB 8
[    6.733907] Last level dTLB entries: 4KB 64, 2MB 0, 4MB 0, 1GB 4
[    6.793160] Spectre V1 : Mitigation: usercopy/swapgs barriers and __user pointer sanitization
[    6.855735] Spectre V2 : Mitigation: Full generic retpoline
[    6.878477] Spectre V2 : Spectre v2 / SpectreRSB mitigation: Filling RSB on context switch
[    6.880900] Speculative Store Bypass: Vulnerable
[    6.882293] MDS: Vulnerable: Clear CPU buffers attempted, no microcode
[    6.886012] Freeing SMP alternatives memory: 36K
[    6.930227] ftrace: allocating 32308 entries in 127 pages
[    7.018898] smpboot: APIC(0) Converting physical 0 to logical package 0
[    7.067936] smpboot: Max logical packages: 1
[    7.087794] ..TIMER: vector=0x30 apic1=0 pin1=2 apic2=-1 pin2=-1
[    7.197215] smpboot: CPU0: Intel(R) Core(TM) i5-7267U CPU @ 3.10GHz (family: 0x6, model: 0x8e, stepping: 0x9)
[    7.241635] Performance Events: unsupported p6 CPU model 142 no PMU driver, software events only.
[    7.365857] KVM setup paravirtual spinlock
[    7.380977] x86: Booting SMP configuration:
[    7.383267] .... node  #0, CPUs:      #1
[    7.384941] kvm-clock: cpu 1, msr 0:7ffe3041, secondary cpu clock
[    7.389141] mce: CPU supports 0 MCE banks
[    7.392169] x86: Booted up 1 node, 2 CPUs
[    7.393736] smpboot: Total of 2 processors activated (12384.00 BogoMIPS)
[    7.395860] devtmpfs: initialized
[    7.398676] evm: security.selinux
[    7.399726] evm: security.SMACK64
[    7.400905] evm: security.SMACK64EXEC
[    7.408447] evm: security.SMACK64TRANSMUTE
[    7.418688] evm: security.SMACK64MMAP
[    7.420608] evm: security.ima
[    7.422251] evm: security.capability
[    7.424650] clocksource: jiffies: mask: 0xffffffff max_cycles: 0xffffffff, max_idle_ns: 7645041785100000 ns
[    7.435831] futex hash table entries: 512 (order: 3, 32768 bytes)
[    7.439279] pinctrl core: initialized pinctrl subsystem
[    7.445474] RTC time: 16:53:10, date: 06/25/20
[    7.453560] NET: Registered protocol family 16
[    7.464738] cpuidle: using governor ladder
[    7.480887] cpuidle: using governor menu
[    7.485536] PCCT header not found.
[    7.499825] ACPI: bus type PCI registered
[    7.509302] acpiphp: ACPI Hot Plug PCI Controller Driver version: 0.5
[    7.528166] PCI: Using configuration type 1 for base access
[    7.562404] ACPI: Added _OSI(Module Device)
[    7.570925] ACPI: Added _OSI(Processor Device)
[    7.587870] ACPI: Added _OSI(3.0 _SCP Extensions)
[    7.589574] ACPI: Added _OSI(Processor Aggregator Device)
[    7.592221] ACPI: Executed 1 blocks of module-level executable AML code
[    7.596781] ACPI: Interpreter enabled
[    7.609193] ACPI: (supports S0 S5)
[    7.616644] ACPI: Using IOAPIC for interrupt routing
[    7.631338] PCI: Using host bridge windows from ACPI; if necessary, use "pci=nocrs" and report a bug
[    7.664408] ACPI: PCI Root Bridge [PCI0] (domain 0000 [bus 00-ff])
[    7.710723] acpi PNP0A03:00: _OSC: OS supports [ASPM ClockPM Segments MSI]
[    7.761461] acpi PNP0A03:00: _OSC: not requesting OS control; OS requires [ExtendedConfig ASPM ClockPM MSI]
[    7.782177] acpi PNP0A03:00: fail to add MMCONFIG information, can't access extended PCI configuration space under this bridge.
[    7.809588] PCI host bridge to bus 0000:00
[    7.837643] pci_bus 0000:00: root bus resource [io  0x0000-0x0cf7 window]
[    7.860226] pci_bus 0000:00: root bus resource [io  0x0d00-0xffff window]
[    7.875777] pci_bus 0000:00: root bus resource [mem 0x000a0000-0x000bffff window]
[    7.935869] pci_bus 0000:00: root bus resource [mem 0x80000000-0xfdffffff window]
[    7.969491] pci_bus 0000:00: root bus resource [bus 00-ff]
[    7.979262] pci 0000:00:01.1: legacy IDE quirk: reg 0x10: [io  0x01f0-0x01f7]
[    7.999353] pci 0000:00:01.1: legacy IDE quirk: reg 0x14: [io  0x03f6]
[    8.029358] pci 0000:00:01.1: legacy IDE quirk: reg 0x18: [io  0x0170-0x0177]
[    8.031517] pci 0000:00:01.1: legacy IDE quirk: reg 0x1c: [io  0x0376]
[    8.054186] pci 0000:00:07.0: quirk: [io  0x4000-0x403f] claimed by PIIX4 ACPI
[    8.089481] pci 0000:00:07.0: quirk: [io  0x4100-0x410f] claimed by PIIX4 SMB
[    8.196791] ACPI: PCI Interrupt Link [LNKA] (IRQs 5 9 10 *11)
[    8.258439] ACPI: PCI Interrupt Link [LNKB] (IRQs 5 9 *10 11)
[    8.288562] ACPI: PCI Interrupt Link [LNKC] (IRQs 5 *9 10 11)
[    8.322003] ACPI: PCI Interrupt Link [LNKD] (IRQs 5 9 10 *11)
[    8.329651] ACPI: Enabled 2 GPEs in block 00 to 07
[    8.341254] vgaarb: setting as boot device: PCI:0000:00:02.0
[    8.376182] vgaarb: device added: PCI:0000:00:02.0,decodes=io+mem,owns=io+mem,locks=none
[    8.417330] vgaarb: loaded
[    8.423813] vgaarb: bridge control possible 0000:00:02.0
[    8.434107] SCSI subsystem initialized
[    8.435469] ACPI: bus type USB registered
[    8.437028] usbcore: registered new interface driver usbfs
[    8.438809] usbcore: registered new interface driver hub
[    8.482324] usbcore: registered new device driver usb
[    8.493343] PCI: Using ACPI for IRQ routing
[    8.494947] NetLabel: Initializing
[    8.496113] NetLabel:  domain hash size = 128
[    8.497460] NetLabel:  protocols = UNLABELED CIPSOv4
[    8.498887] NetLabel:  unlabeled traffic allowed by default
[    8.500619] amd_nb: Cannot enumerate AMD northbridges
[    8.502192] clocksource: Switched to clocksource kvm-clock
[    8.534948] AppArmor: AppArmor Filesystem Enabled
[    8.540452] pnp: PnP ACPI init
[    8.548312] pnp: PnP ACPI: found 3 devices
[  880400] clocksource: acpi_pm: mask: 0xffffff max_cycles: 0xffffff, max_idle_ns: 2085701024 ns
[  870705] NET: Registered protocol family 2

[    8.75744 T eabsh hh ble entries: 16384 (order: 5, 131072 bytes)

[    9653]CP bind hash table entries: 16384 (order: 6, 262144 bytes)
[    9.213001] TCP: Hash tables configured (established 16384 bind 16384)
[    9.214819] UDP hash table entries: 1024 (order: 3, 32768 byt)  9.11] P-teastable entrie 14 rd:  368yts)
[  99780NE: Registered ootocol mi 1[ 10.3449]ci00000. Liting direct PCI/PCI transfers
[   10.711146] pci 0000:00:01.0: Activating ISA A ngorrouds
[   10.933301] Unpacking initramfs...

[   11.157859] Freeing initrd memory: 15432K
[   11.169282] clocksource: tsc: mask: 0xffffffffffffffff max_cycles: 0x2ca08564bf3, max_idle_ns: 440795312460 ns
[   11.297288] platform rtc_cmos: registered platform RTC device (no PNP device found)
[   11.388187] Scanning for low memory corruption every 60 seconds
[   11.487900] audit: initializing netlink subsys (disabled)
[   11.507728] audit: type=2000 audit(1593103991.447:1): initialized
[   11.630319] Initialise system trusted keyring
[   11.631972] HugeTLB registered 2 MB page size, pre-allocated 0 pages
[   11.688779] zbud: loaded
[   11.705108] VFS: Disk quotas dquot_6.6.0
[   11.747555] VFS: Dquot-cache hash table entries: 512 (order 0, 4096 bytes)
[   11.768701] squashfs: version 4.0 (2009/01/31) Phillip Lougher
[   11.786174] fuse init (API version 7.23)
[   11.806210] Key type big_key registered
[   11.890743] Allocating IMA MOK and blacklist keyrings.
[   11.905218] Key type asymmetric registered
[   11.913729] Asymmetric key parser 'x509' registered
[   11.930806] Block layer SCSI generic (bsg) driver version 0.4 loaded (major 249)
[   11.945166] io scheduler noop registered
[   11.947263] io scheduler deadline registered (default)
[   11.963125] io scheduler cfq registered
[   11.964883] pci_hotplug: PCI Hot Plug PCI Core version: 0.5
[   11.966522] pciehp: PCI Express Hot Plug Controller Driver version: 0.4
[   11.968682] ACPI: AC Adapter [AC] (on-line)
[   11.969996] input: Power Button as /devices/LNXSYSTM:00/LNXPWRBN:00/input/input0
[   11.972293] ACPI: Power Button [PWRF]
[   11.973561] input: Sleep Button as /devices/LNXSYSTM:00/LNXSLPBN:00/input/input1
[   11.987536] ACPI: Sleep Button [SLPF]
[   11.994538] GHES: HEST is not enabled!
[   11.996586] Serial: 8250/16550 driver, 32 ports, IRQ sharing abled[  11.999427] ACPI: attery St BAT0] (battery present)
[   12.335336] 00:02: ttyS0 at I/O 0x3f8 (irq = 4, base_baud = 115200) is a 16550A
[   12.366590] Linux agpgart interface v0.103
[   12.374770] loop: module loaded
[   12.429533] scsi host0: ata_piix
[   124363] scsi host1: ata_piix
[   12.540599 ata1: PATA max UDMA/33 cmd 0x1f0 ctl 0x3f6 bmdma 0xd000 irq 14
[ 12.577264] ata2: PATA max UDMA/33 cmd 0x170 ctl 0x376 bmdma 0xd008 irq 15

[   12.634295] libphy: Fixed MDIO Bus: probed
[   12.635476] tun: Universal TUN/TAP device driver, 1.6
[   12.636880] tun: (C) 1999-2004 Max Krasnyansky <maxk@qualcomm.com>
[   12.638713] PPP generic driver version 2.4.2
[   12.640083] ehci_hcd: USB 2.0 'Enhanced' Host Controller (EHCI) Driver
[   12.641783] ehci-pci: EHCI PCI platform driver
[   12.643000] ehci-platform: EHCI generic platform driver
[   12.647288] ohci_hcd: USB 1.1 'Open' Host Controller (OHCI) Driver
[   12.649429] ohci-pci: OHCI PCI platform driver
[   12.650815] ohci-platform: OHCI generic platform driver
[   12.652229] uhci_hcd: USB Universal Host Controller Interface driver
[   12.653866] i8042: PNP: PS/2 Controller [PNP0303:PS2K,PNP0f03:PS2M] at 0x60,0x64 irq 1,12
[   12.656329] serio: i8042 KBD port at 0x60,0x64 irq 1
[   12.657683] serio: i8042 AUX port at 0x60,0x64 irq 12
[   12.659406] mousedev: PS/2 mouse device common for all mice
[   12.663795] rtc_cmos rtc_cmos: rtc core: registered rtc_cmos as rtc0
[   12.671251] input: AT Translated Set 2 keyboard as /devices/platform/i8042/serio0/input/input2
[   12.673258] rtc_cmos rtc_cmos: alarms up to one day, 114 bytes nvram
[   12.705142] i2c /dev entries driver
[   12.726170] device-mapper: uevent: version 1.0.3
[   12.735911] device-mapper: ioctl: 4.34.0-ioctl (2015-10-28) initialised: dm-devel@redhat.com
[   12.785912] ledtrig-cpu: registered to indicate activity on CPUs
[   12.821947] NET: Registered protocol family 10
[   12.852743] NET: Registered protocol family 17
[   12.909728] Key type dns_resolver registered
[   12.927494] registered taskstats version 1
[   12.984797] Loading compiled-in X.509 certificates
[   12.986619] Loaded X.509 cert 'Build time autogenerated kernel key: f33c437cc9123d9712070bdfe932b55b24c56047'
[   12.998115] zswap: loaded using pool lzo/zbud
[   13.001529] Key type trusted registered
[   13.009056] Key type encrypted registered
[   13.010068] AppArmor: AppArmor sha1 policy hashing enabled
[   13.012368] ima: No TPM chip found, activating TPM-bypass!
[   13.014960] ima: Allocated hash algorithm: sha1
[   13.017928] evm: HMAC attrs: 0x1
[   13.032130]   Magic number: 8:914:894
[   13.034507] rtc_cmos rtc_cmos: setting system clock to 2020-06-25 16:53:15 UTC (1593103995)
[   13.046322] BIOS EDD facility v0.16 2004-Jun-25, 0 devices found
[   13.049163] EDD information not available.
[   13.054767] Freeing unused kernel memory: 1488K
[   13.066603] Write protecting the kernel read-only data: 14336k
[   13.085090] Freeing unused kernel memory: 1604K
[   13.168302] Freeing unused kernel memory: 60K
Loading, please [   13.281438] random: systemd-udevd: uninitialized urandom read (16 bytes read, 7 bits of entropy available)
wait...
startin[   13.281910] random: udevadm: uninitialized urandom read (16 bytes read, 7 bits of entropy available)
g version 229
[   13.281927] random: udevadm: uninitialized urandom read (16 bytes read, 7 bits of entropy available)
[   13.290323] random: udevadm: uninitialized urandom read (16 bytes read, 7 bits of entropy available)
[   13.290360] random: udevadm: uninitialized urandom read (16 bytes read, 7 bits of entropy available)
[   13.290517] random: udevadm: uninitialized urandom read (16 bytes read, 7 bits of entropy available)
[   13.290555] random: udevadm: uninitialized urandom read (16 bytes read, 7 bits of entropy available)
[   13.290790] random: udevadm: uninitialized urandom read (16 bytes read, 7 bits of entropy available)
[   13.290855] random: udevadm: uninitialized urandom read (16 bytes read, 7 bits of entropy available)
[   13.290896] random: udevadm: uninitialized urandom read (16 bytes read, 7 bits of entropy available)
[   13.789403] Fusion MPT base driver 3.04.20
[   13.790491] Copyright (c) 1999-2008 LSI Corporation
[   13.794662] e1000: Intel(R) PRO/1000 Network Driver - version 7.3.21-k8-NAPI
[   13.796618] e1000: Copyright (c) 1999-2006 Intel Corporation.
[   13.803920] Fusion MPT SPI Host driver 3.04.20
[   13.820127] AVX2 version of gcm_enc/dec engaged.
[   13.821527] AES CTR mode by8 optimization enabled
[   14.031387] input: ImExPS/2 Generic Explorer Mouse as /devices/platform/i8042/serio1/input/input4
[   14.214229] e1000 0000:00:03.0 eth0: (PCI:33MHz:32-bit) 02:a0:3d:de:85:bf
[   14.262691] e1000 0000:00:03.0 eth0: Intel(R) PRO/1000 Network Connection
[   14.727780] e1000 0000:00:08.0 eth1: (PCI:33MHz:32-bit) 08:00:27:ae:33:eb
[   14.744667] e1000 0000:00:08.0 eth1: Intel(R) PRO/1000 Network Connection
[   15.196213] e1000 0000:00:09.0 eth2: (PCI:33MHz:32-bit) 08:00:27:3e:25:21
[   15.197789] e1000 0000:00:09.0 eth2: Intel(R) PRO/1000 Network Connection
[   15.200418] e1000 0000:00:08.0 enp0s8: renamed from eth1
[   15.202275] mptbase: ioc0: Initiating bringup
[   15.214904] e1000 0000:00:09.0 enp0s9: renamed from eth2
[   15.247471] e1000 0000:00:03.0 enp0s3: renamed from eth0
[   15.278786] ioc0: LSI53C1030 A0: Capabilities={Initiator}
[   16.360833] scsi host2: ioc0: LSI53C1030 A0, FwRev=00000000h, Ports=1, MaxQ=256, IRQ=20
[   17.159208] scsi 2:0:0:0: Direct-Access     VBOX     HARDDISK         1.0  PQ: 0 ANSI: 5
[   17.207017] scsi target2:0:0: Beginning Domain Validation
[   17.230281] scsi target2:0:0: Domain Validation skipping write tests
[   17.232140] scsi target2:0:0: Ending Domain Validation
[   17.236759] scsi target2:0:0: asynchronous
[   17.257870] scsi 2:0:1:0: Direct-Access     VBOX     HARDDISK         1.0  PQ: 0 ANSI: 5
[   17.395505] scsi target2:0:1: Beginning Domain Validation
[   17.397801] scsi target2:0:1: Domain Validation skipping write tests
[   17.399268] scsi target2:0:1: Ending Domain Validation
[   17.400518] scsi target2:0:1: asynchronous
[   17.412610] sd 2:0:0:0: [sda] 20971520 512-byte logical blocks: (10.7 GB/10.0 GiB)
[   17.426789] sd 2:0:0:0: Attached scsi generic sg0 type 0
[   17.430788] sd 2:0:1:0: [sdb] 20480 512-byte logical blocks: (10.5 MB/10.0 MiB)
[   17.453351] sd 2:0:0:0: [sda] Write Protect is off
[   17.453619] sd 2:0:1:0: Attached scsi generic sg1 type 0
[   17.454278] sd 2:0:1:0: [sdb] Write Protect is off
[   17.454411] sd 2:0:1:0: [sdb] Incomplete mode parameter data
[   17.454412] sd 2:0:1:0: [sdb] Assuming drive cache: write through
[   17.460382] sd 2:0:1:0: [sdb] Attached SCSI disk
[   17.598824] sd 2:0:0:0: [sda] Incomplete mode parameter data
[   17.600568] sd 2:0:0:0: [sda] Assuming drive cache: write through
[   17.606077]  sda: sda1
[   17.638336] sd 2:0:0:0: [sda] Attached SCSI disk
Begin: Loading essential drivers ... [   18.960835] md: linear personality registered for level -1
[   19.004878] md: multipath personality registered for level -4
[   19.055785] md: raid0 personality registered for level 0
[   19.080219] md: raid1 personality registered for level 1
[   19.170280] raid6: sse2x1   gen() 11209 MB/s
[   19.282380] raid6: sse2x1   xor()  8752 MB/s
[   19.354789] raid6: sse2x2   gen() 14893 MB/s
[   19.466197] raid6: sse2x2   xor() 10026 MB/s
[   19.590344] raid6: sse2x4   gen() 16635 MB/s
[   19.658323] raid6: sse2x4   xor()  6300 MB/s
[   19.730290] raid6: avx2x1   gen() 20281 MB/s
[   19.802292] raid6: avx2x2   gen() 26598 MB/s
[   19.910385] raid6: avx2x4   gen() 29969 MB/s
[   19.920970] raid6: using algorithm avx2x4 gen() 29969 MB/s
[   19.927333] raid6: using avx2x2 recovery algorithm
[   19.969718] xor: automatically using best checksumming function:
[   20.090662]    avx       : 56384.000 MB/sec
[   20.148872] async_tx: api initialized (async)
[   20.185295] md: raid6 personality registered for level 6
[   20.198525] md: raid5 personality registered for level 5
[   20.245468] md: raid4 personality registered for level 4
[   20.277502] md: raid10 personality registered for level 10
done.
Begin: Running /scripts/init-premount ... done.
Begin: Mounting root file system ... Beg[   20.318801] Btrfs loaded
in: Running /scripts/local-top ... done.
Begin: Running /scripts/local-premount ... Scanning for Btrfs filesystems
done.
Warning: fsck not present, so skipping root file system
[   20.372550] EXT4-fs (sda1): mounted filesystem with ordered data mode. Opts: (null)
done.
Begin: Running /scripts/local-bottom ... done.
Begin: Running /scripts/init-bottom ... done.
[   20.527243] systemd[1]: systemd 229 running in system mode. (+PAM +AUDIT +SELINUX +IMA +APPARMOR +SMACK +SYSVINIT +UTMP +LIBCRYPTSETUP +GCRYPT +GNUTLS +ACL +XZ -LZ4 +SECCOMP +BLKID +ELFUTILS +KMOD -IDN)
[   20.618649] systemd[1]: Detected virtualization oracle.
[   20.636033] systemd[1]: Detected architecture x86-64.

Welcome to [1mUbuntu 16.04.6 LTS[0m!

[   20.695320] systemd[1]: Set hostname to <dctf>.
[   20.965251] systemd[1]: Listening on Journal Audit Socket.
[[0;32m  OK  [0m] Listening on Journal Audit Socket.
[   20.968210] systemd[1]: Reached target System Time Synchronized.
[[0;32m  OK  [0m] Reached target System Time Synchronized.
[   21.002997] systemd[1]: Listni on udev Kernel Socket.

[[0;32m  OK  [0m] Listening on udev Kernel Socket.
[ 2112530] systemd[1]: Listening on Journal Socket.

[[0;32m  OK  [0m] Listening on Journal Socket.
[   21.251004] systemd[1]: Created slice User and Session Slice.
[[0;32m  OK  [0m] Created slice User and Session Slice.
[   21.262690] systemd[1]: Listening on /dev/initctl Compatibility Named Pipe.
[[0;32m  OK  [0m] Listening on /dev/initctl Compatibility Named Pipe.
[   21.2665] stemd[1]: Started Forward Passwd qutso llDirectory Wah.

[[0;32m  OK  [0m] Started Forward Password Requests to Wall Directory Watch.
[ 21.786735] systemd[1]: Started Trigger resolvconf update for twkdNS

[[0;32m  OK  [0m] Started Trigger resolvconf update for networkd DNS.
[  20947] systemd]:Listengn udevontroloct. [[0;32m  OK  [0m] Listening on udev Control Socket.
[  27138syem1]: Reahetaetsean GroupamLookups.

[[0;32m  OK  [0m] Reached target User and Group Name Lookups.
[   3.342400] systemd[1]: Created slice System Sice.

[[0;32m  OK  [0m] Created slice System Slice.
[   23.402776] systemd[1]: Mounting Huge Pages File System...
[   23.404967] random: nonblocking pool is initialized
         Mounting Huge Pages File System...
[   23.531172] systemd[1]: Starting Nameserver information manager...
         Starting Nameserver information manager...
[   23.549077] systemd[1]: Mounting Debug File System...
         Mounting Debug File System...
[   23.557670] systemd[1]: Starting Uncomplicated firewall...
         Starting Uncomplicated firewall...
[   23.599827] systemd[1]: Starting Set console keymap...
         Starting Set console keymap...
[   23.606862] systemd[1]: Starting Create list of required static device nodes for the current kernel...
         Starting Create list of required st... nodes for the current kernel...
[   23.627703] systemd[1]: Starting Load Kernel Modules...
         Starting Load Kernel Modules...
[   23.635370] systemd[1]: Starting Remount Root and Kernel File Systems...
         Starting Remount Root and Kernel File Systems...
[   23.643567] systemd[1]: Mounting POSIX Message Queue File System...
         Mountin[   23.652914] EXT4-fs (sda1): re-mounted. Opts: (null)
g POSIX Message Queue File System...
[   23.661417] systemd[1]: Set up automount Arbitrary Executable File Formats File System Automount Point.
[[0;32m  OK  [0m] Set up automount Arbitrary Executab...ats File System Automount Point.
[   23.674278] Loading iSCSI transport class v2.0-870.
[   23.675009] systemd[1]: Reached target Slices.
[[0;32m  OK  [0m] Reached target Slices.
[   23.691258] systemd[1]: Reached target Swap.
[[0;32m  OK  [0m] Reached target Swap.
[   23.697249] systemd[1]: Reached target Encrypted Volumes.
[[0;32m  OK  [[   23.701237] iscsi: registered transport (tcp)
0m] Reached target Encrypted Volumes.
[   23.737395] systemd[1]: Listening on LVM2 poll daemon socket.
[[0;32m  OK  [0m] Listening on LVM2 poll daemon socket.
[   23.743362] systemd[1]: Listening on Journal Socket (/dev/log).
[[0;32m  OK  [0m] Listening on Journal Socket (/dev/log).
[   23.764960] iscsi: registered transport (iser)
[   23.772317] systemd[1]: Listening on Syslog Socket.
[[0;32m  OK  [0m] Listening on Syslog Socket.
[   23.811962] systemd[1]: Listening on LVM2 metadata daemon socket.
[[0;32m  OK  [0m] Listening on LVM2 metadata daemon socket.
[   23.816655] systemd[1]: Created slice system-serial\x2dgetty.slice.
[[0;32m  OK  [0m] Created slice system-serial\x2dgetty.slice.
[   23.820433] systemd[1]: Listening on Device-mapper event daemon FIFOs.
[[0;32m  OK  [0m] Listening on Device-mapper event daemon FIFOs.
[   23.843030] systemd[1]: Starting Monitoring of LVM2 mirrors, snapshots etc. using dmeventd or progress polling...
         Starting Monitoring of LVM2 mirrors... dmeventd or progress polling...
[   23.919224] systemd[1]: Starting Journal Service...
         Starting Journal Service...
[   23.995467] systemd[1]: Mounted Huge Pages File System.
[[0;32m  OK  [0m] Mounted Huge Pages File System.
[   23.998611] systemd[1]: Mounted POSIX Message Queue File System.
[[0;32m  OK  [0m] Mounted POSIX Message Queue File System.
[   24.017754] systemd[1]: Mounted Debug File System.
[[0;32m  OK  [0m] Mounted Debug File System.
[   24.021988] systemd[1]: Started Journal Service.
[[0;32m  OK  [0m] Started Journal Service.
[[0;32m  OK  [0m] Started Uncomplicated firewall.
[[0;32m  OK  [0m] Started Set console keymap.
[[0;32m  OK  [0m] Started Create list of required sta...ce nodes for the current kernel.
[[0;32m  OK  [0m] Started Load Kernel Modules.
[[0;32m  OK  [0m] Started Remount Root and Kernel File Systems.
[[0;32m  OK  [0m] Started Nameserver information manager.
[[0;32m  OK  [0m] Started LVM2 metadata daemon.
         Starting udev Coldplug all Devices...
         Starting Load/Save Random Seed...
         Mounting FUSE Control File System...
         Starting Apply Kernel Variables...
         Starting Create Static Device Nodes in /dev...
         Starting Flush Journal to Persistent Storage...
[[0;32m  OK  [0m] Mounted FUSE Control File System.
[[0;32m  OK  [0m] Started Load/Save Random Seed.
[[0;32m  OK  [0m] Started Apply Kernel Variables.
[[0;32m  OK  [0m] Started Flush Journal to Persistent Storage.
[[0;32m  OK  [0m] Started Create Static Device Nodes in /dev.
         Starting udev Kernel Device Manager...
[[0;32m  OK  [0m] Started udev Coldplug all Devices.
[[0;32m  OK  [0m] Started udev Kernel Device Manager.
[[0;32m  OK  [0m] Started Dispatch Password Requests to Console Directory Watch.
[[0;32m  OK  [0m] Found device /dev/ttyS0.
[[0;32m  OK  [0m] Started Monitoring of LVM2 mirrors,...ng dmeventd or progress polling.
[[0;32m  OK  [0m] Reached target Local File Systems (Pre).
[[0;32m  OK  [0m] Reached target Local File Systems.
         Starting Tell Plymouth To Write Out Runtime Data...
         Starting Initial cloud-init job (pre-networking)...
         Starting LSB: AppArmor initialization...
         Starting Set console font and keymap...
         Starting Create Volatile Files and Directories...
[[0;32m  OK  [0m] Started Tell Plymouth To Write Out Runtime Data.
[[0;32m  OK  [0m] Listening on Load/Save RF Kill Switch Status /dev/rfkill Watch.
[[0;32m  OK  [0m] Started Create Volatile Files and Directories.
         Starting Update UTMP about System Boot/Shutdown...
[[0;32m  OK  [0m] Started Update UTMP about System Boot/Shutdown.
[[0;32m  OK  [0m] Found device 82540EM Gigabit Ethern...r (PRO/1000 MT Desktop Adapter).
[[0;32m  OK  [0m] Started LSB: AppArmor initialization.
[[0;32m  OK  [0m] Found device 82540EM Gigabit Ethern...r (PRO/1000 MT Desktop Adapter).
[[0;32m  OK  [0m] Found device 82540EM Gigabit Ethern...r (PRO/1000 MT Desktop Adapter).
[   17.761126] cloud-init[575]: Cloud-init v. 19.4-33-gbb4131a2-0ubuntu1~16.04.1 running 'init-local' at Thu, 25 Jun 2020 16:53:27 +0000. Up 17.45 seconds.
[[0;32m  OK  [0m] Started Set console font and keymap.
[[0;32m  OK  [0m] Started Initial cloud-init job (pre-networking).
[[0;32m  OK  [0m] Reached target Network (Pre).
[[0;32m  OK  [0m] Started ifup for enp0s3.
         Starting Raise network interfaces...
[[0;32m  OK  [0m] Started ifup for enp0s9.
[[0;32m  OK  [0m] Started ifup for enp0s8.
[[0;32m  OK  [0m] Created slice system-getty.slice.
[[0;32m  OK  [0m] Started Raise network interfaces.
[[0;32m  OK  [0m] Reached target Network.
         Starting Initial cloud-init job (metadata service crawler)...
[   22.501802] cloud-init[1229]: Cloud-init v. 19.4-33-gbb4131a2-0ubuntu1~16.04.1 running 'init' at Thu, 25 Jun 2020 16:53:32 +0000. Up 22.05 seconds.
[   22.548299] cloud-init[1229]: ci-info: ++++++++++++++++++++++++++++++++++++++Net device info+++++++++++++++++++++++++++++++++++++++
[   22.588363] cloud-init[1229]: ci-info: +--------+------+-----------------------------+---------------+--------+-------------------+
[[   22.648916] cloud-init[1229]: ci-info: | Device |  Up  |           Address           |      Mask     | Scope  |     Hw-Address    |
[   22.649919] cloud-init[1229]: ci-info: +--------+------+-----------------------------+---------------+--------+-------------------+
[0;32m  OK  [0m] Started Initial cloud-init job (metadata service crawler).
[   22.650081] cloud-init[1229]: ci-info: | enp0s3 | True |          10.0.2.15          | 255.255.255.0 | global | 02:a0:3d:de:85:bf |
[   22.678575] cloud-init[1229]: ci-info: | enp0s3 | True |  fe80::a0:3dff:fede:85bf/64 |       .       |  link  | 02:a0:3d:de:85:bf |
[   22.679904] cloud-init[1229]: ci-info: | enp0s8 | True |        192.168.33.20        | 255.255.255.0 | global | 08:00:27:ae:33:eb |
[   22.680980] cloud-init[1229]: ci-info: | enp0s8 | True | fe80::a00:27ff:feae:33eb/64 |       .       |  link  | 08:00:27:ae:33:eb |
[   22.681656] cloud-init[1229]: ci-info: | enp0s9 | True |         192.168.0.17        | 255.255.255.0 | global | 08:00:27:3e:25:21 |
[   22.683101] cloud-init[1229]: ci-info: | enp0s9 | True | fe80::a00:27ff:fe3e:2521/64 |       .       |  link  | 08:00:27:3e:25:21 |
[[0;32m  OK  [0m] Reached target Network is Online.
[   22.683155] cloud-init[1229]: ci-info: |   lo   | True |          127.0.0.1          |   255.0.0.0   |  host  |         .         |
[   22.766163] cloud-init[1229]: ci-info: |   lo   | True |           ::1/128           |       .       |  host  |         .         |
         [   22.783925] cloud-init[1229]: ci-info: +--------+------+-----------------------------+---------------+--------+-------------------+
[   22.785744] cloud-init[1229]: ci-info: ++++++++++++++++++++++++++++Route IPv4 info++++++++++++++++++++++++++++
[   22.786570] cloud-init[1229]: ci-info: +-------+--------------+----------+---------------+-----------+-------+
[   22.788133] cloud-init[1229]: ci-info: | Route | Destination  | Gateway  |    Genmask    | Interface | Flags |
[   22.790231] cloud-init[1229]: ci-info: +-------+--------------+----------+---------------+-----------+-------+
[   22.790849] cloud-init[1229]: ci-info: |   0   |   0.0.0.0    | 10.0.2.2 |    0.0.0.0    |   enp0s3  |   UG  |
[   22.790902] cloud-init[1229]: ci-info: |   1   |   10.0.2.0   | 0.0.0.0  | 255.255.255.0 |   enp0s3  |   U   |
Starting iSCSI initiator daemon (iscsid)...
[   22.790951] cloud-init[1229]: ci-info: |   2   | 192.168.0.0  | 0.0.0.0  | 255.255.255.0 |   enp0s9  |   U   |
[[   22.885388] cloud-init[1229]: ci-info: |   3   | 192.168.33.0 | 0.0.0.0  | 255.255.255.0 |   enp0s8  |   U   |
[   22.885777] cloud-init[1229]: ci-info: +-------+--------------+----------+---------------+-----------+-------+
[   22.886595] cloud-init[1229]: ci-info: +++++++++++++++++++Route IPv6 info+++++++++++++++++++
[0;32m  OK  [0m] Reached target Cloud-config availability.
[   22.891271] cloud-init[1229]: ci-info: +-------+-------------+---------+-----------+-------+
[   22.919019] cloud-init[1229]: ci-info: | Route | Destination | Gateway | Interface | Flags |
[   22.919785] cloud-init[1229]: ci-info: +-------+-------------+---------+-----------+-------+
[   22.922598] cloud-init[1229]: ci-info: |   0   |  fe80::/64  |    ::   |   enp0s3  |   U   |
[   22.923258] cloud-init[1229]: ci-info: |   1   |  fe80::/64  |    ::   |   enp0s9  |   U   |
[   22.924947] cloud-init[1229]: ci-info: |   2   |  fe80::/64  |    ::   |   enp0s8  |   U   |
[   22.925629] cloud-init[1229]: ci-info: |   8   |   ff00::/8  |    ::   |   enp0s3  |   U   |
[   22.926332] cloud-init[1229]: ci-info: |   9   |   ff00::/8  |    ::   |   enp0s9  |   U   |
[   22.927040] cloud-init[1229]: ci-info: |   10  |   ff00::/8  |    ::   |   enp0s8  |   U   |
[   22.927702] cloud-init[1229]: ci-info: +-------+-------------+---------+-----------+-------+
[[0;32m  OK  [0m] Reached target System Initialization.
[[0;32m  OK  [0m] Started ACPI Events Check.
[[0;32m  OK  [0m] Reached target Paths.
[[0;32m  OK  [0m] Listening on D-Bus System Message Bus Socket.
[[0;32m  OK  [0m] Started Daily apt download activities.
[[0;32m  OK  [0m] Listening on UUID daemon activation socket.
[[0;32m  OK  [0m] Started Daily apt upgrade and clean activities.
[[0;32m  OK  [0m] Listening on ACPID Listen Socket.
[[0;32m  OK  [0m] Started Message of the Day.
[[0;32m  OK  [0m] Started Daily Cleanup of Temporary Directories.
[[0;32m  OK  [0m] Reached target Timers.
         Starting Socket activation for snappy daemon.
         Starting LXD - unix socket.
[[0;32m  OK  [0m] Listening on Socket activation for snappy daemon.
[[0;32m  OK  [0m] Listening on LXD - unix socket.
[[0;32m  OK  [0m] Started iSCSI initiator daemon (iscsid).
         Starting Login to default iSCSI targets...
[[0;32m  OK  [0m] Reached target Sockets.
[[0;32m  OK  [0m] Reached target Basic System.
         Starting Login Service...
         Starting vboxadd.service...
[[0;32m  OK  [0m] Started Regular background program processing daemon.
         Starting System Logging Service...
         Starting LSB: Record successful boot for GRUB...
         Starting A high performance web server and a reverse proxy server...
[[0;32m  OK  [0m] Started D-Bus System Message Bus.
         Starting Accounts Service...
[[0;32m  OK  [0m] Started ACPI event daemon.
         Starting MySQL Community Server...
[[0;32m  OK  [0m] Started Deferred execution scheduler.
         Starting OpenBSD Secure Shell server...
         Starting /etc/rc.local Compatibility...
[[0;32m  OK  [0m] Started FUSE filesystem for LXC.
         Starting LSB: MD monitoring daemon...
         Starting LXD - container startup/shutdown...
         Starting Snappy daemon...
[[0;32m  OK  [0m] Started System Logging Service.
[[0;32m  OK  [0m] Started /etc/rc.local Compatibility.
[[0;32m  OK  [0m] Started OpenBSD Secure Shell server.
[[0;32m  OK  [0m] Started A high performance web server and a reverse proxy server.
[[0;32m  OK  [0m] Started Login Service.
[[0;32m  OK  [0m] Started Unattended Upgrades Shutdown.
         Starting Authenticate and Authorize Users to Run Privileged Tasks...
[[0;32m  OK  [0m] Started Login to default iSCSI targets.
[[0;32m  OK  [0m] Reached target Remote File Systems (Pre).
[[0;32m  OK  [0m] Reached target Remote File Systems.
         Starting LSB: Apache2 web server...
         Starting LSB: daemon to balance interrupts for SMP systems...
         Starting LSB: Set the CPU Frequency Scaling governor to "ondemand"...
         Starting LSB: automatic crash report generation...
         Starting Permit User Sessions...
[[0;32m  OK  [0m] Started LSB: Record successful boot for GRUB.
[[0;32m  OK  [0m] Started LSB: MD monitoring daemon.
[[0;32m  OK  [0m] Started Permit User Sessions.
         Starting Terminate Plymouth Boot Screen...
         Starting Hold until boot process finishes up...
[[0;32m  OK  [0m] Started LXD - container startup/shutdown.
[[0;32m  OK  [0m] Started LSB: daemon to balance interrupts for SMP systems.
[[0;32m  OK  [0m] Started LSB: automatic crash report generation.
[[0;32m  OK  [0m] Started Terminate Plymouth Boot Screen.
[[0;32m  OK  [0m] Started Hold until boot process finishes up.
[[0;32m  OK  [0m] Started Snappy daemon.
[[0;32m  OK  [0m] Started Authenticate and Authorize Users to Run Privileged Tasks.
         Starting Wait until snapd is fully seeded...
         Starting Set console scheme...
[[0;32m  OK  [0m] Started Serial Getty on ttyS0.
[[0;32m  OK  [0m] Started Getty on tty1.
[[0;32m  OK  [0m] Reached target Login Prompts.
[[0;32m  OK  [0m] Started LSB: Set the CPU Frequency Scaling governor to "ondemand".
[[0;32m  OK  [0m] Started Wait until snapd is fully seeded.
[[0;32m  OK  [0m] Started Set console scheme.
[[0;32m  OK  [0m] Started Accounts Service.
[[0;32m  OK  [0m] Created slice User Slice of ubuntu.
         Starting Apply the settings specified in cloud-config...
         Starting User Manager for UID 1000...
[[0;32m  OK  [0m] Started Session 1 of user ubuntu.
[[0;32m  OK  [0m] Started User Manager for UID 1000.
[[0;32m  OK  [0m] Started vboxadd.service.
[[0;32m  OK  [0m] Started LSB: Apache2 web server.
         Starting vboxadd-service.service...
[[0;1;31mFAILED[0m] Failed to start vboxadd-service.service.
See 'systemctl status vboxadd-service.service' for details.
[   25.600943] cloud-init[1555]: Cloud-init v. 19.4-33-gbb4131a2-0ubuntu1~16.04.1 running 'modules:config' at Thu, 25 Jun 2020 16:53:35 +0000. Up 25.35 seconds.
[[0;32m  OK  [0m] Started Apply the settings specified in cloud-config.
[[0;32m  OK  [0m] Started MySQL Community Server.
[[0;32m  OK  [0m] Reached target Multi-User System.
         Starting Execute cloud user/final scripts...
[[0;32m  OK  [0m] Reached target Graphical Interface.
         Starting Update UTMP about System Runlevel Changes...
[[0;32m  OK  [0m] Started Update UTMP about System Runlevel Changes.
[   26.369103] cloud-init[1707]: Cloud-init v. 19.4-33-gbb4131a2-0ubuntu1~16.04.1 running 'modules:final' at Thu, 25 Jun 2020 16:53:36 +0000. Up 26.26 seconds.
[   26.373998] cloud-init[1707]: Cloud-init v. 19.4-33-gbb4131a2-0ubuntu1~16.04.1 finished at Thu, 25 Jun 2020 16:53:36 +0000. Datasource DataSourceNoCloud [seed=/dev/sdb][dsmode=net].  Up 26.36 seconds
[[0;32m  OK  [0m] Started Execute cloud user/final scripts.
[[0;32m  OK  [0m] Reached target Cloud-init target.

Ubuntu 16.04.6 LTS dctf ttyS0

dctf login:          Stopping ACPI event daemon...
[[0;32m  OK  [0m] Stopped tare         Stopping Serial Getty on ttyS0...
         Stopping Getty on tty1...
         Stopping D-Bus System Message Bus...
         Stopping LSB: Set the CPU Frequency Scaling governor to "ondemand"...
         Stopping A high performance web server and a reverse proxy server...
         Stopping Deferred execution scheduler...
         Stopping LSB: Record successful boot for GRUB...
         Stopping Unattended Upgrades Shutdown...
[[0;32m  OK  [0m] Stopped Wait until snapd is fully seeded.
         Stopping MySQL Community Server...
         Stopping LSB: daemon to balance interrupts for SMP systems...
         Stopping Regular background program processing daemon...
[[0;32m  OK  [0m] Stopped target Timers.
[[0;32m  OK  [0m] Stopped Daily Cleanup of Temporary Directories.
[[0;32m  OK  [0m] Stopped Message of the Day.
         Stopping Accounts Service...
         Stopping LSB: automatic crash report generation...
         Stopping Session 14 of user ubuntu.
         Stopping vboxadd.service...
[[0;32m  OK  [0m] Stopped Daily apt upgrade and clean activities.
[[0;32m  OK  [0m] Stopped Daily apt download activities.
[[0;32m  OK  [0m] Stopped target System Time Synchronized.
[[0;32m  OK  [0m] Unmounted /var/lib/lxcfs.
[[0;32m  OK  [0m] Stopped Regular background program processing daemon.
[[0;32m  OK  [0m] Stopped System Logging Service.
[[0;32m  OK  [0m] Stopped Accounts Service.
[[0;32m  OK  [0m] Stopped ACPI event daemon.
[[0;32m  OK  [0m] Stopped Deferred execution scheduler.
[[0;32m  OK  [0m] Stopped OpenBSD Secure Shell server.
[[0;32m  OK  [0m] Stopped Unattended Upgrades Shutdown.
[[0;32m  OK  [0m] Stopped Authenticate and Authorize Users to Run Privileged Tasks.
[[0;32m  OK  [0m] Stopped Serial Getty on ttyS0.
[[0;32m  OK  [0m] Stopped Getty on tty1.
[[0;32m  OK  [0m] Stopped User Manager for UID 1000.
[[0;32m  OK  [0m] Stopped Session 1 of user ubuntu.
[[0;32m  OK  [0m] Stopped D-Bus System Message Bus.
[[0;32m  OK  [0m] Stopped A high performance web server and a reverse proxy server.
[[0;32m  OK  [0m] Stopped Session 14 of user ubuntu.
[[0;32m  OK  [0m] Stopped vboxadd.service.
[[0;32m  OK  [0m] Stopped FUSE filesystem for LXC.
[[0;32m  OK  [0m] Unmounted /vagrant.
[[0;32m  OK  [0m] Stopped LXD - container startup/shutdown.
[[0;32m  OK  [0m] Stopped LSB: MD monitoring daemon.
[[0;32m  OK  [0m] Stopped LSB: Set the CPU Frequency Scaling governor to "ondemand".
[[0;32m  OK  [0m] Stopped LSB: Record successful boot for GRUB.
[[0;32m  OK  [0m] Removed slice User Slice of ubuntu.
[[0;32m  OK  [0m] Removed slice system-getty.slice.
         Stopping Permit User Sessions...
[[0;32m  OK  [0m] Removed slice system-serial\x2dgetty.slice.
[[0;32m  OK  [0m] Stopped /etc/rc.local Compatibility.
         Stopping Login Service...
[[0;32m  OK  [0m] Stopped LSB: daemon to balance interrupts for SMP systems.
[[0;32m  OK  [0m] Stopped LSB: automatic crash report generation.
[[0;32m  OK  [0m] Stopped Permit User Sessions.
[[0;32m  OK  [0m] Stopped target Remote File Systems.
[[0;32m  OK  [0m] Stopped target Remote File Systems (Pre).
         Stopping Login to default iSCSI targets...
[[0;32m  OK  [0m] Stopped Login Service.
[[0;32m  OK  [0m] Stopped target User and Group Name Lookups.
[[0;32m  OK  [0m] Stopped Login to default iSCSI targets.
         Stopping iSCSI initiator daemon (iscsid)...
[[0;32m  OK  [0m] Stopped iSCSI initiator daemon (iscsid).
[[0;32m  OK  [0m] Stopped target Network is Online.
[[0;32m  OK  [0m] Stopped MySQL Community Server.
[[0;32m  OK  [0m] Stopped target Network.
[[0;32m  OK  [0m] Stopped target Basic System.
[[0;32m  OK  [0m] Stopped target Paths.
[[0;32m  OK  [0m] Stopped Forward Password Requests to Wall Directory Watch.
[[0;32m  OK  [0m] Stopped Dispatch Password Requests to Console Directory Watch.
[[0;32m  OK  [0m] Stopped ACPI Events Check.
[[0;32m  OK  [0m] Stopped target Sockets.
[[0;32m  OK  [0m] Closed LXD - unix socket.
[[0;32m  OK  [0m] Closed Socket activation for snappy daemon.
[[0;32m  OK  [0m] Closed D-Bus System Message Bus Socket.
[[0;32m  OK  [0m] Closed UUID daemon activation socket.
[[0;32m  OK  [0m] Closed Syslog Socket.
[[0;32m  OK  [0m] Closed ACPID Listen Socket.
[[0;32m  OK  [0m] Stopped target Slices.
[[0;32m  OK  [0m] Removed slice User and Session Slice.
[[0;32m  OK  [0m] Stopped target System Initialization.
         Stopping Load/Save Random Seed...
         Stopping Update UTMP about System Boot/Shutdown...
[[0;32m  OK  [0m] Stopped Initial cloud-init job (metadata service crawler).
         Stopping Raise network interfaces...
[[0;32m  OK  [0m] Stopped target Swap.
[[0;32m  OK  [0m] Stopped target Encrypted Volumes.
[[0;32m  OK  [0m] Stopped Load/Save Random Seed.
[[0;32m  OK  [0m] Stopped Update UTMP about System Boot/Shutdown.
[[0;32m  OK  [0m] Stopped Create Volatile Files and Directories.
[[0;32m  OK  [0m] Stopped Raise network interfaces.
[[0;32m  OK  [0m] Stopped target Local File Systems.
         Unmounting /run/user/1000...
[[0;32m  OK  [0m] Stopped target Network (Pre).
[[0;32m  OK  [0m] Stopped Initial cloud-init job (pre-networking).
[[0;32m  OK  [0m] Stopped Apply Kernel Variables.
[[0;32m  OK  [0m] Stopped Load Kernel Modules.
[[0;32m  OK  [0m] Unmounted /run/user/1000.
[[0;32m  OK  [0m] Reached target Unmount All Filesystems.
[[0;32m  OK  [0m] Stopped target Local File Systems (Pre).
[[0;32m  OK  [0m] Stopped Create Static Device Nodes in /dev.
[[0;32m  OK  [0m] Stopped Remount Root and Kernel File Systems.
[[0;32m  OK  [0m] Reached target Shutdown.
[13417.646785] reboot: Power down
