[    0.0000Initialing cgroup subsys cpuset
[    0.000000] Initializing cgroup subsys cpu
[  0.000000] Initializincgroup subsys cpuac
    0.0000] Linux version 4.4.0-184-generic (buildd@lgw01-amd64-060) (gcc version.4.0 20160609 (Ubuntu 5.4.0-6ubuntu1~16.04.12) ) #214-Ubuntu SMP Thu Jun 4 10:14:11 UTC 2020 (Ubun 44.0-184.214-generic 4.4.223)
[    0.000000] Command line: BOOT_IMAGE=/boot/vmlinuz-4.4.0-184-generic root=UUID=a2a54237bf-4a1b-a16b-56555a4786e1 ro console=tty1 console=ttyS0
[    0.000000] KERNEL supported cpus:
[    0.000000]  nt GenuineIel
[  0.000]   D thenticAM
  0.000000]   Centaur CentaurHauls
[    0.000000] x86/fpu: xstate_offset[2]:  576, xstate_sizes[2]:  256
[    .00000] x86/fpu: Supporting XSAVE feature 0x01: 'x87 floating poin registers'
[    0.000000] x86/fpu: Supporting XSAVE featre 0x02: 'SSE registers'
[    0.000000] x86/fpu: Supporting XSAE eature 04: AVX registers'
[   0.000000] x86/fpu: Enabled xstate features 0x7, context size is 832 bytes, using 'standard' format.
[    0.000000] e820: BIOS-provided physical RAM map:
[    0.000000] BIOSS-e82 [m 0x0000000000000000-0x000000000009ff usable
[    0.000000] BIOS-e820: [mem 0x000000000009fc00-0x000000000009ffff] reserved
[    0.0000BIOS-e820: [mem 0x00000000000f0000-0x00000000000fffff]esrved[   0.00000 BS-e820: [em 0x00000000100000-0x000000007ffeffff] usable
[    0.000000] BIOS-e820: [mem 0x000000007fff0000-0x0000007ffffff] ACPI data
[    0.000000] BS-20 [mem 0x0000fec00000-0x00000000fec00fff reserve
[    0.000000] BIOS-e820: [mem 0x00000000fee00000-0x00000000fee00fff] reserved
[    0.000000] BIOS-e820: [mem 0000000ff000-0x00000000ffffffff] reserved
[  0.000000] N (xecuteisle) protecti: tive
  0.00000] SMBIOS 2.5 prent.
[    0.000000] Hypervisor detected: KVM
[    0.000000] e820: last_pfn = 07fff0 max_arch_pfn = 0x400000
[    0.000000] MTRR: Disabled
[    0.000000] x/PT: MTRRs disabled, skipping PAT initialization too.
[    0.000000] CPU MTRRs all blank - virtualized system.
[    0.000 x86/PAT: Configuration [0-7]: WB  WT  UC- UC  WB  WT C-C  
[  000000] found SMPMP-table at[mem 0x0009fff0-0x000ffff] mapped atff88000009fff0]
[    0.000000] Scanning 1 areas for low memory corruption
[    0.000000] RAMDISK: [me0x1cc000-0x0dff]
[    0.000000]CP Early table checksum verification disabled
[    0.000000] ACPI: RSDP 0x00000000000E0000 000024 (v02 VBOX  )
[    0.000000ACPI: XSDT 0x000000007FFF0030 00003C (v01 VBOX   VBOXXSDT 000001 ASL  00000061)
[  0.00000] ACPI: FACP 00000007FFFF0000F4 (4 OX   OXFP 0000000AS 000000)
[  0.0000] ACPI: DSDT 0x000000007FFF0470 0021FF (v02 VBOX   VBOXBIOS 00000002 INTL 20100528)
[    0.000000] ACPI: FACS 0x000000007FFF0200 000040
[    0.000000] ACPI: FACS 0x000000007FFF0200 000040
[    0.000000] ACPI: APIC 0x000000007FFF0240 00005C (v02 VBOX   VBOXAPIC 00000001 ASL  00000061)
[    0.000000] API: SSDT 0x000000007FFF02A0 0001CC (v01 VBOX   VBOXCPUT 00000002 INTL 20058)
[  00000] NoUMconfgutin found
[    0.00000 Faking a nodatme 0x000000000000-0x000000007ffeffff]
[    0.000000] NODE_DATA(0 alocaedmem 0xffeb000-0x7fffff]
[    0.000000] kvm-clock: Using msrs 4b564d0and 4b5640[    0.000000] kvm-oc: cpu 0, msr 0:7ffe3001, primary cpu clck
[  000000] kvm-clock: ung sched offseof 372300968cyes
[    0.000000] clockourc k-clock: mask: 0xffffffffffff max_cycle 0x1cd42e4dffb, max_idle_ns: 881590591483 ns
[    0.000000] Zone ranges:
[    0.00000]   DMA     [mem 0x0000000000001000-0x0000000000ffffff]
[    0.000000] DMA2  [em 0x000001000000-0x000000007effff]
[    0.00000]   Noal empty
  0.0000]   Device   empty
[    0.000000] Movable zone start for each node
[    0.000000] Early memory node ranges
[    0.000000]   node   0: [mem 0x00000000001000-0x00000000009eff]
[  0.000000]   node   0: [mem 0x0000000000100000-0x000000007ffeffff]
[    0.00000] Initmem setup node 0 [mem 0x0000000000001000-0x000000007ffeffff]
[    0.000000] ACPI: PM-Timer IO Port: 0x4008
[    0.000000]] IOAPIC[0]: apic_id 2, version 32, address 0xfec00000, GSI 0-23
[    0.000000] ACPI: INT_SRC_OVR (bus 0 bus_irq 0 global_irq 2 dfl dfl)
[    0.000000] ACPI: INT_SRC_OVR (bus 0 bus_irq 9 global_irq 9 low level)
[    0.000000] Using ACPI (MADT) for SMP configuration information
[    0.000000] smpboot: Allowing 2 CPUs, 0 hotplug CPUs
[    0.000000] PM: Registered nosave memory: [mem 0x00000000-0x00000fff]
[    0.000000] PM: Registered nosave memory: [mem 0x0009f000-0x0009ffff]
[    0.000000] PM: Registered nosave memory: [mem 0x000a0000-0x000effff]
[    0.000000] PM: Registered nosave memory: [mem 0x000f0000-0x000fffff]
[    0.000000] e820: [mem 0x80000000-0xfebfffff] available for PCI devices
[    0.000000] Booting paravirtualized kernel on KVM
[    0.000000] clocksource: refined-jiffies: mask: 0xffffffff max_cycles: 0xffffffff, max_idle_ns: 7645519600211568 ns
[    0.000000] setup_percpu: NR_CPUS:512 nr_cpumask_bits:512 nr_cpu_ids:2 nr_node_ids:1
[    0.000000] PERCPU: Embedded 33 pages/cpu @ffff88007fc00000 s95448 r8192 d31528 u1048576
[    0.000000] Built 1 zonelists in Node order, mobility grouping on.  Total pages: 515960
[    0.000000] Policy zone: DMA32
[    0.000000] Kernel command line: BOOT_IMAGE=/boot/vmlinuz-4.4.0-184-generic root=UUID=a2a54237-2bfa-4a1b-a16b-56555a4786e1 ro console=tty1 console=ttyS0
[    0.000000] PID hash table entries: 4096 (order: 3, 32768 bytes)
[    0.000000] Memory: 2029308K/2096696K available (8632K kernel code, 1336K rwdata, 4036K rodata, 1492K init, 1292K bss, 67388K reserved, 0K cma-reserved)
[    0.000000] SLUB: HWalign=64, Order=0-3, MinObjects=0, CPUs=2, Nodes=1
[    0.000000] Kernel/User page tables isolation: enabled
[    0.000000] Hierarchical RCU implementation.
[    0.000000] 	Build-time adjustment of leaf fanout to 64.
[    0.000000] 	RCU restricting CPUs from NR_CPUS=512 to nr_cpu_ids=2.
[    0.000000] RCU: Adjusting geometry for rcu_fanout_leaf=64, nr_cpu_ids=2
[    0.000000] NR_IRQS:33024 nr_irqs:440 16
[    0.000000] Console: colour VGA+ 80x5
[    0.000000] console [tty1] enabled
[    0.000000] console [ttyS0] enabled
[    0.000000] tsc: Detected 3095.998 MHz processor
[    4.601951] Calibrating delay loop (skipped) preset value.. 6191.99 BogoMIPS (lpj=12383992)
[    4.604424] pid_max: default: 32768 minimum: 301
[    4.605786] ACPI: Core revision 20150930
[    4.607421] ACPI: 2 ACPI AML tables successfully acquired and loaded
[    4.609315] Security Framework initialized
[    4.610529] Yama: becoming mindful.
[    4.611418] AppArmor: AppArmor initialized
[    4.614359] Dentry cache hash table entries: 262144 (order: 9, 2097152 bytes)
[    4.616258] Inode-cache hash table entries: 131072 (order: 8, 1048576 bytes)
[    4.619446] Mount-cache hash table entries: 4096 (order: 3, 32768 bytes)
[    4.62139 Mountpoint-cache hash table entries: 4096 (order: 3, 32768 bytes)
[    4.646459] Initializing cgroup subsys io
[    4.647672] Initializing cgroup subsys memory
[    4.648975] Initializing cgroup subsys devices
[    4.650421] Initializing cgroup subsys freezer

[    4.651908] Initializing cgroup subsys net_cls
[    4.652944] Initializing cgroup subsys perf_event
[    4.654045] Initializing cgroup subsys net_prio
[    4.655156] Initializing cgroup subsys hugetlb
[    4.656617] Initializing cgroup subsys pids
[    4.658733] mce: CPU supports 0 MCE banks
[    4.659766] Last level iTLB entries: 4KB 64, 2MB 8, 4MB 8
[    4.660958] Last level dTLB entries: 4KB 64, 2MB 0, 4MB 0, 1GB 4
[    4.662381] Spectre V1 : Mitigation: usercopy/swapgs barriers and __user pointer sanitization
[    4.664340] Spectre V2 : Mitigation: Full generic retpoline
[    4.665567] Spectre V2 : Spectre v2 / SpectreRSB mitigation: Filling RSB on context switch
[    4.667477] Speculative Store Bypass: Vulnerable
[    4.668591] SRBDS: Unknown: Dependent on hypervisor status
[    4.669887] MDS: Vulnerable: Clear CPU buffers attempted, no microcode
[    4.673389] Freeing SMP alternatives memory: 36K
[    4.679228] ftrace: allocating 32319 entries in 127 pages
[    4.733257] smpboot: APIC(0) Converting physical 0 to logical package 0
[    4.735134] smpboot: Max logical packages: 1
[    4.737449] ..TIMER: vector=0x30 apic1=0 pin1=2 apic2=-1 pin2=-1
[    4.847322] smpboot: CPU0: Intel(R) Core(TM) i5-7267U CPU @ 3.10GHz (family: 0x6, model: 0x8e, stepping: 0x9)
[    4.849673] Performance Events: unsupported p6 CPU model 142 no PMU driver, software events only.
[    4.861056] KVM setup paravirtual spinlock
[    4.864539] x86: Booting SMP configuration:
[    4.865912] .... node  #0, CPUs:      #1
[    4.867286] kvm-clock: cpu 1, msr 0:7ffe3041, secondary cpu clock
[    4.870026] mce: CPU supports 0 MCE banks
[    4.873063] x86: Booted up 1 node, 2 CPUs
[    4.874168] smpboot: Total of 2 processors activated (12383.99 BogoMIPS)
[    4.876048] devtmpfs: initialized
[    4.878868] evm: security.selinux
[    4.880044] evm: security.SMACK64
[    4.881096] evm: security.SMACK64EXEC
[    4.882319] evm: security.SMACK64TRANSMUTE
[    4.883531] evm: security.SMACK64MMAP
[    4.884628] evm: security.ima
[    4.885611] evm: security.capability
[    4.886949] clocksource: jiffies: mask: 0xffffffff max_cycles: 0xffffffff, max_idle_ns: 7645041785100000 ns
[    4.889941] futex hash table entries: 512 (order: 3, 32768 bytes)
[    4.891460] pinctrl core: initialized pinctrl subsystem
[    4.892876] RTC time: 11:59:52, date: 07/25/20
[    4.894178] NET: Registered protocol family 16
[    4.903934] cpuidle: using governor ladder
[    4.916463] cpuidle: using governor menu
[    4.917611] PCCT header not found.
[    4.918701] ACPI: bus type PCI registered
[    4.919909] acpiphp: ACPI Hot Plug PCI Controller Driver version: 0.5
[    4.922097] PCI: Using configuration type 1 for base access
[    4.937701] ACPI: Added _OSI(Module Device)
[    4.938756] ACPI: Added _OSI(Processor Device)
[    4.939833] ACPI: Added _OSI(3.0 _SCP Extensions)
[    4.940926] ACPI: Added _OSI(Processor Aggregator Device)
[    4.942917] ACPI: Executed 1 blocks of module-level executable AML code
[    4.946207] ACPI: Interpreter enabled
[    4.947306] ACPI: (supports S0 S5)
[    4.948365] ACPI: Using IOAPIC for interrupt routing
[    4.949906] PCI: Using host bridge windows from ACPI; if necessary, use "pci=nocrs" and report a bug
[    4.956490] ACPI: PCI Root Bridge [PCI0] (domain 0000 [bus 00-ff])
[    4.958096] acpi PNP0A03:00: _OSC: OS supports [ASPM ClockPM Segments MSI]
[    4.959930] acpi PNP0A03:00: _OSC: not requesting OS control; OS requires [ExtendedConfig ASPM ClockPM MSI]
[    4.962322] acpi PNP0A03:00: fail to add MMCONFIG information, can't access extended PCI configuration space under this bridge.
[    4.965282] PCI host bridge to bus 0000:00
[    4.966250] pci_bus 0000:00: root bus resource [io  0x0000-0x0cf7 window]
[    4.967709] pci_bus 0000:00: root bus resource [io  0x0d00-0xffff window]
[    4.969572] pci_bus 0000:00: root bus resource [mem 0x000a0000-0x000bffff window]
[    4.971974] pci_bus 0000:00: root bus resource [mem 0x80000000-0xfdffffff window]
[    4.991458] pci_bus 0000:00: root bus resource [bus 00-ff]
[    5.001420] pci 0000:00:01.1: legacy IDE quirk: reg 0x10: [io  0x01f0-0x01f7]
[    5.014648] pci 0000:00:01.1: legacy IDE quirk: reg 0x14: [io  0x03f6]
[    5.016662] pci 0000:00:01.1: legacy IDE quirk: reg 0x18: [io  0x0170-0x0177]
[    5.018325] pci 0000:00:01.1: legacy IDE quirk: reg 0x1c: [io  0x0376]
[    5.040351] pci 0000:00:07.0: quirk: [io  0x4000-0x403f] claimed by PIIX4 ACPI
[    5.050572] pci 0000:00:07.0: quirk: [io  0x4100-0x410f] claimed by PIIX4 SMB
[    5.070441] ACPI: PCI Interrupt Link [LNKA] (IRQs 5 9 10 *11)
[    5.072792] ACPI: PCI Interrupt Link [LNKB] (IRQs 5 9 *10 11)
[    5.074858] ACPI: PCI Interrupt Link [LNKC] (IRQs 5 *9 10 11)
[    5.077935] ACPI: PCI Interrupt Link [LNKD] (IRQs 5 9 10 *11)
[    5.080073] ACPI: Enabled 2 GPEs in block 00 to 07
[    5.081954] vgaarb: setting as boot device: PCI:0000:00:02.0
[    5.137554] vgaarb: device added: PCI:0000:00:02.0,decodes=io+mem,owns=io+mem,locks=none
[    5.139349] vgaarb: loaded
[    5.140226] vgaarb: bridge control possible 0000:00:02.0
[    5.148752] SCSI subsystem initialized
[    5.177637] ACPI: bus type USB registered
[    5.201803] usbcore: registered new interface driver usbfs
[    5.208207] usbcore: registered new interface driver hub
[    5.214129] usbcore: registered new device driver usb
[    5.221007] PCI: Using ACPI for IRQ routing
[    5.230171] NetLabel: Initializing
[    5.235021] NetLabel:  domain hash size = 128
[    5.240303] NetLabel:  protocols = UNLABELED CIPSOv4
[    5.244620] NetLabel:  unlabeled traffic allowed by default
[    5.253844] amd_nb: Cannot enumerate AMD northbridges
[    5.260652] clocksource: Switched to clocksource kvm-clock
[    5.270174] AppArmorAppArmor Filesystem Enabled
[    5.324362] pnp: PnP ACPI init
[    5.326678] pnp: PnP ACPI: found 3 devices

[  5.3448] clocksrce: acpi_pm: mask: 0xffffff max_cycles: 0xffffff, max_idle_ns: 2085701024 ns
[    5.478739] NET: Registered protocol family 2

[    5.479890] TCP established hash table entries: 16384 (order: 5, 131072 bytes)
[    5.481810] TCP bind hash table entries: 16384 (order: 6, 262144 bytes)
[    5.489782] TCP: Hash taes configured (established 16384 bind 16384)
[    5.538305] UDP hash ble entrie 1024 (order: 3, 32768 bytes)
[    5.634992] UDP-Lite hash table entries: 1024 (order: 3, 32768 bytes)
[    5.636781] NET: Registered protocol family 1
[    5.638114] pci 0000:00:00.0: Limiting direct PCI/PCI transfers
[    5.639757] pci 0000:00:01.0: Activating ISA DMA ha wkarounds
[    5.729453] Unpacking initramfs...

[    5.960350] Freeing initrd memory: 15432K
[    5.994291] clocksource: tsc: mask: 0xffffffffffffffff max_cycles: 0x2ca082f6619, max_idle_ns: 440795220240 ns
[    6.051096] platform rtc_cmos: registered platform RTC device (no PNP device found)
[    6.078039] Scanning for low memory corruption every 60 seconds
[    6.107264] audit: initializing netlink subsys (disabled)
[    6.158792] audit: type=2000 audit(1595678394.490:1): initialized
[    6.196202] Initialise system trusted keyring
[    6.197905] HugeTLB registered 2 MB page size, pre-allocated 0 pages
[    6.244828] zbud: loaded
[    6.267042] VFS: Disk quotas dquot_6.6.0
[    6.268200] VFS: Dquot-cache hash table entries: 512 (order 0, 4096 bytes)
[    6.271326] squashfs: version 4.0 (2009/01/31) Phillip Lougher
[    6.273385] fuse init (API version 7.23)
[    6.274457] Key type big_key registered
[    6.275549] Allocating IMA MOK and blacklist keyrings.
[    6.287308] Key type asymmetric registered
[    6.301258] Asymmetric key parser 'x509' registered
[    6.309410] Block layer SCSI generic (bsg) driver version 0.4 loaded (major 249)
[    6.317763] io scheduler noop registered
[    6.325109] io scheduler deadline registered (default)
[    6.327671] io scheduler cfq registered
[    6.329550] pci_hotplug: PCI Hot Plug PCI Core version: 0.5
[    6.338491] pciehp: PCI Express Hot Plug Controller Driver version: 0.4
[    6.345589] ACPI: AC Adapter [AC] (off-line)
[    6.372544] input: Power Button as /devices/LNXSYSTM:00/LNXPWRBN:00/input/input0
[    6.454058] ACPI: Power Button [PWRF]
[    6.539007] input: Sleep Button as /devices/LNXSYSTM:00/LNXSLPBN:00/input/input1
[    6.619682] ACPI: Sleep Button [SLPF]
[    6.621151] GHES: HEST is not enabled!
[    6.649990] ACPI: Battery Slot [BAT0] (battery present)
[    6.729406] Serial: 8250/16550 driver, 32 ports, IRQ sharing enabled
[    6.754578] 00:02: ttyS0 at I/O 0x3f8 (irq = 4, base_baud = 115200) is a 16550A
[    6.877743] Linux agpgart interface v0.103
[    6.947915] loop: module loaded
[    7.019360] scsi host0: ata_piix
[    7.058847] scsi host1: ata_piix
[    7.129182] ata1: PATA max UDMA/33 cmd 0x1f0 ctl 0x3f6 bmdma 0xd000 irq 14
[    7.209411] ata2: PATA max UDMA/33 cmd 0x170 ctl 0x376 bmdma 0xd008 irq 15
[    7.250504] libphy: Fixed MDIO Bus: probed
[    7.292687] tun: Universal TUN/TAP device driver, 1.6
[    7.352055] tun: (C) 1999-2004 Max Krasnyansky <maxk@qualcomm.com>
[    7.357143] PPP generic driver version 2.4.2
[    7.358563] ehci_hcd: USB 2.0 'Enhanced' Host Controller (EHCI) Driver
[    7.360477] ehci-pci: EHCI PCI platform driver
[    7.368517] ehci-platform: EHCI generic platform driver
[    7.382197] ohci_hcd: USB 1.1 'Open' Host Controller (OHCI) Driver
[    7.390093] ohci-pci: OHCI PCI platform driver
[    7.398536] ohci-platform: OHCI generic platform driver
[    7.400731] uhci_hcd: USB Universal Host Controller Interface driver
[    7.404594] i8042: PNP: PS/2 Controller [PNP0303:PS2K,PNP0f03:PS2M] at 0x60,0x64 irq 1,12
[    7.408651] serio: i8042 KBD port at 0x60,0x64 irq 1
[    7.412304] serio: i8042 AUX port at 0x60,0x64 irq 12
[    7.420218] mousedev: PS/2 mouse device common for all mice
[    7.425457] input: AT Translated Set 2 keyboard as /devices/platform/i8042/serio0/input/input2
[    7.432321] rtc_cmos rtc_cmos: rtc core: registered rtc_cmos as rtc0
[    7.442816] rtc_cmos rtc_cmos: alarms up to one day, 114 bytes nvram
[    7.446958] i2c /dev entriesdrer
[    7.55852 dice-mpe uen vsi 1.3
[    7.992030] device-mapper: ioctl: 4.34.0-ioctl (2015-10-28) initialised: dm-devel@redhat.com
[    8.137303] ledtrig-cpu: registered to indicate activity on CPUs
[    8.189238] NET: Registered protocol family 10
[    8.249409] NET: Registered protocol family 17
[    8.368804] Key type dns_resolver registered
[    8.477292] registered taskstats version 1
[    8.478532] Loading compiled-in X.509 certificates
[    8.480426] Loaded X.509 cert 'Build time autogenerated kernel key: b6ae09eed57f82583ccd3c65c463e852cdd7a0b5'
[    8.482879] zswap: loaded using pool lzo/zbud
[    8.486760] Key type trusted registered
[    8.493420] Key type encrypted registered
[    8.495276] AppArmor: AppArmor sha1 policy hashing enabled
[    8.501181] ima: No TPM chip found, activating TPM-bypass!
[    8.504567] ima: Allocated hash algorithm: sha1
[    8.513669] evm: HMAC attrs: 0x1
[    8.519221]   Magic number: 12:493:985
[    8.521149] rtc_cmos rtc_cmos: setting system clock to 2020-07-25 11:59:56 UTC (1595678396)
[    8.531731] BIOS EDD facility v0.16 2004-Jun-25, 0 devices found
[    8.535421] EDD information not available.
[    8.539654] Freeing unused kernel memory: 1492K
[    8.557568] Write protecting the kernel read-only data: 14336k
[    8.660219] Freeing unused kernel memory: 1596K
[    8.661917] Freeing unused kernel memory: 60K
Loading, please [    8.676517] random: systemd-udevd: uninitialized urandom read (16 bytes read, 11 bits of entropy available)
wait...
starting version 229
[    8.677174] random: udevadm: uninitialized urandom read (16 bytes read, 11 bits of entropy available)
[    8.677193] random: udevadm: uninitialized urandom read (16 bytes read, 11 bits of entropy available)
[    8.684569] random: udevadm: uninitialized urandom read (16 bytes read, 11 bits of entropy available)
[    8.684606] random: udevadm: uninitialized urandom read (16 bytes read, 11 bits of entropy available)
[    8.684778] random: udevadm: uninitialized urandom read (16 bytes read, 11 bits of entropy available)
[    8.684820] random: udevadm: uninitialized urandom read (16 bytes read, 11 bits of entropy available)
[    8.684861] random: udevadm: uninitialized urandom read (16 bytes read, 11 bits of entropy available)
[    8.684902] random: udevadm: uninitialized urandom read (16 bytes read, 11 bits of entropy available)
[    8.684966] random: udevadm: uninitialized urandom read (16 bytes read, 11 bits of entropy available)
[    8.972582] e1000: Intel(R) PRO/1000 Network Driver - version 7.3.21-k8-NAPI
[    9.048285] e1000: Copyright (c) 1999-2006 Intel Corporation.
[    9.065051] Fusion MPT base driver 3.04.20
[    9.066345] Copyright (c) 1999-2008 LSI Corporation
[    9.073334] Fusion MPT SPI Host driver 3.04.20
[    9.090829] AVX2 version of gcm_enc/dec engaged.
[    9.098162] AES CTR mode by8 optimization enabled
[    9.273867] input: ImExPS/2 Generic Explorer Mouse as /devices/platform/i8042/serio1/input/input4
[    9.454934] e1000 0000:00:03.0 eth0: (PCI:33MHz:32-bit) 02:a0:3d:de:85:bf
[    9.456850] e1000 0000:00:03.0 eth0: Intel(R) PRO/1000 Network Connection
[    9.460756] mptbase: ioc0: Initiating bringup
[    9.545230] ioc0: LSI53C1030 A0: Capabilities={Initiator}
[    9.735303] scsi host2: ioc0: LSI53C1030 A0, FwRev=00000000h, Ports=1, MaxQ=256, IRQ=20
[   10.113793] scsi 2:0:0:0: Direct-Access     VBOX     HARDDISK         1.0  PQ: 0 ANSI: 5
[   10.146003] scsi target2:0:0: Beginning Domain Validation
[   10.149984] scsi target2:0:0: Domain Validation skipping write tests
[   10.151773] scsi target2:0:0: Ending Domain Validation
[   10.153335] scsi target2:0:0: asynchronous
[   10.160904] scsi 2:0:1:0: Direct-Access     VBOX     HARDDISK         1.0  PQ: 0 ANSI: 5
[   10.163302] scsi target2:0:1: Beginning Domain Validation
[   10.167209] scsi target2:0:1: Domain Validation skipping write tests
[   10.169012] scsi target2:0:1: Ending Domain Validation
[   10.170629] scsi target2:0:1: asynchronous
[   10.181564] sd 2:0:0:0: Attached scsi generic sg0 type 0
[   10.191843] sd 2:0:0:0: [sda] 20971520 512-byte logical blocks: (10.7 GB/10.0 GiB)
[   10.194548] sd 2:0:0:0: [sda] Write Protect is off
[   10.196177] sd 2:0:0:0: [sda] Incomplete mode parameter data
[   10.197840] sd 2:0:0:0: [sda] Assuming drive cache: write through
[   10.200015] sd 2:0:1:0: Attached scsi generic sg1 type 0
[   10.202177] sd 2:0:1:0: [sdb] 20480 512-byte logical blocks: (10.5 MB/10.0 MiB)
[   10.204923] sd 2:0:1:0: [sdb] Write Protect is off
[   10.206506]  sda: sda1
[   10.207752] sd 2:0:1:0: [sdb] Incomplete mode parameter data
[   10.209181] sd 2:0:1:0: [sdb] Assuming drive cache: write through
[   10.211144] sd 2:0:0:0: [sda] Attached SCSI disk
[   10.216170] sd 2:0:1:0: [sdb] Attached SCSI disk
[   10.499606] e1000 0000:00:08.0 eth1: (PCI:33MHz:32-bit) 08:00:27:ae:33:eb
[   10.582646] e1000 0000:00:08.0 eth1: Intel(R) PRO/1000 Network Connection
[   10.979941] e1000 0000:00:09.0 eth2: (PCI:33MHz:32-bit) 08:00:27:3e:25:21
[   11.021824] e1000 0000:00:09.0 eth2: Intel(R) PRO/1000 Network Connection
[   11.024643] e1000 0000:00:03.0 enp0s3: renamed from eth0
[   11.098060] e1000 0000:00:09.0 enp0s9: renamed from eth2
[   11.113764] e1000 0000:00:08.0 enp0s8: renamed from eth1
Begin: Loading e[   12.424662] md: linear personality registered for level -1
ssential drivers ... [   12.480470] md: multipath personality registered for level -4
[   12.505983] md: raid0 personality registered for level 0
[   12.537696] md: raid1 personality registered for level 1
[   12.620764] raid6: sse2x1   gen() 11845 MB/s
[   12.716955] raid6: sse2x1   xor()  8900 MB/s
[   12.812893] raid6: sse2x2   gen() 14395 MB/s
[   12.916835] raid6: sse2x2   xor()  5921 MB/s
[   12.984839] raid6: sse2x4   gen() 15077 MB/s
[   13.053173] raid6: sse2x4   xor() 11133 MB/s
[   13.144876] raid6: avx2x1   gen() 20850 MB/s
[   13.212955] raid6: avx2x2   gen() 27155 MB/s
[   13.308750] raid6: avx2x4   gen() 29809 MB/s
[   13.345183] raid6: using algorithm avx2x4 gen() 29809 MB/s
[   13.354493] raid6: using avx2x2 recovery algorithm
[   13.398795] xor: automatically using best checksumming function:
[   13.469181]    avx       : 46897.000 MB/sec
[   13.502518] async_tx: api initialized (async)
[   13.516415] md: raid6 personality registered for level 6
[   13.543068] md: raid5 personality registered for level 5
[   13.565295] md: raid4 personality registered for level 4
[   13.573780] md: raid10 personality registered for level 10
done.
Begin: Running /scripts/init-premount ... done.
Begin: Mounting root file system ... Begin: Running /scripts/local-top ... done.
Begin: Running /scripts/local-premount ... [   13.608207] Btrfs loaded
Scanning for Btrfs filesystems
done.
Warning: fsck not present, so sk[   13.649203] EXT4-fs (sda1): mounted filesystem with ordered data mode. Opts: (null)
ipping root file system
done.
Begin: Running /scripts/local-bottom ... done.
Begin: Running /scripts/init-bottom ... done.
[   13.868243] systemd[1]: systemd 229 running in system mode. (+PAM +AUDIT +SELINUX +IMA +APPARMOR +SMACK +SYSVINIT +UTMP +LIBCRYPTSETUP +GCRYPT +GNUTLS +ACL +XZ -LZ4 +SECCOMP +BLKID +ELFUTILS +KMOD -IDN)
[   13.955015] systemd[1]: Detected virtualization oracle.
[   13.984117] systemd[1]: Detected architecture x86-64.

Welcome to [1mUbuntu 16.04.6 LTS[0m!

[   13.992961] systemd[1]: Set hostname to <dctf>.
[   14.231632] systemd[1]: Created slice System Slice.
[[0;32m  OK  [0m] Created slice System Slice.
[   14.235121] systemd[1]: Created slice system-serial\x2dgetty.slice.
[[0;32m  OK  [0m] Created slice system-serial\x2dgetty.slice.
[   14.258158] systemd[1]: Reached target Encrypted Volumes.
[[0;32m  OK  [0m] Reached target Encrypted Volumes.
[   14.286263] systemd[1]: Reached target System Time Synchronized.
[[0;32m  OK  [0m] Reached target System Time Synchronized.
[   14.317947] systemd[1]: Listening on udev Control Socket.
[[0;32m  OK  [0m] Listening on udev Control Socket.
[   14.399935] systemd[1]: Created slice User and Session Slice.
[[0;32m  OK  [0m] Created slice User and Session Slice.
[   14.505069] systemd[1]: Listening on udev Kernel Socket.
[[0;32m  OK  [0m] Listening on udev Kernel Socket.
[   14.557659] systemd[1]: Started Forward Password Requests to Wall Directory Watch.
[[0;32m  OK  [0m] Started Forward Password Requests to Wall Directory Watch.
[   14.690411] systemd[1]: Listening on Journal Audit Socket.
[[0;32m  OK  [0m] Listening on Journal Audit Socket.
[   14.801438] systemd[1]: Listening on Journal Socket (/dev/log).
[[0;32m  OK  [0m] Listening on Journal Socket (/dev/log).
[   14.859546] systemd[1]: Reached target User and Group Name Lookups.
[[0;32m  OK  [0m] Reached target User and Group Name Lookups.
[   14.893777] systemd[1]: Listening on /dev/initctl Compatibility Named Pipe.
[[0;32m  OK  [0m] Listening on /dev/initctl Compatibility Named Pipe.
[   15.017277] systemd[1]: Listening on LVM2 metadata daemon socket.
[[0;32m  OK  [0m] Listening on LVM2 metadata daemon socket.
[   15.063817] systemd[1]: Listening on Syslog Socket.
[[0;32m  OK  [0m] Listening on Syslog Socket.
[   15.091745] systemd[1]: Started Trigger resolvconf update for networkd DNS.
[[0;32m  OK  [0m] Started Trigger resolvconf update for networkd DNS.
[   15.095755] systemd[1]: Listening on Device-mapper event daemon FIFOs.
[[0;32m  OK  [0m] Listening on Device-mapper event daemon FIFOs.
[   15.117132] systemd[1]: Reached target Swap.
[[0;32m  OK  [0m] Reached target Swap.
[   15.124358] systemd[1]: Listening on Journal Socket.
[[0;32m  OK  [0m] Listening on Journal Socket.
[   15.145005] systemd[1]: Starting Create list of required static device nodes for the current kernel...
         Starting Create list of required st... nodes for the current kernel...
[   15.197584] systemd[1]: Mounting Debug File System...
[   15.266633] random: nonblocking pool is initialized
         Mounting Debug File System...
[   15.276434] systemd[1]: Starting Monitoring of LVM2 mirrors, snapshots etc. using dmeventd or progress polling...
         Starting Monitoring of LVM2 mirrors... dmeventd or progress polling...
[   15.361164] systemd[1]: Mounting Huge Pages File System...
         Mounting Huge Pages File System...
[   15.367685] systemd[1]: Starting Journal Service...
         Starting Journal Service...
[   15.373102] systemd[1]: Starting Set console keymap...
         Starting Set console keymap...
[   15.390124] systemd[1]: Mounting POSIX Message Queue File System...
         Mounting POSIX Message Queue File System...
[   15.409705] systemd[1]: Starting Remount Root and Kernel File Systems...
         Starting Remount Root and Kernel File Systems...[   15.414310] EXT4-fs (sda1): re-mounted. Opts: (null)

[   15.416505] systemd[1]: Starting Uncomplicated firewall...
         Starting Uncomplicated firewall...
[   15.461131] systemd[1]: Starting Load Kernel Modules...
         Starting Load Ke[   15.540271] Loading iSCSI transport class v2.0-870.
rnel Modules...[   15.584100] iscsi: registered transport (tcp)

[   15.674962] systemd[1]: Listening on LVM2 poll daemon socket.
[[0;32m  OK  [0m] Listening on LVM2 poll daemon socket.
[   15.693243] systemd[1]: Set up automount Arbitrary Executable File Formats File System Automount Point.
[[0;32m  OK  [0m] Set up autom[   15.710229] iscsi: registered transport (iser)
ount Arbitrary Executab...ats File System Automount Point.
[   15.809545] systemd[1]: Starting Nameserver information manager...
         Starting Nameserver information manager...
[   15.843274] systemd[1]: Reached target Slices.
[[0;32m  OK  [0m] Reached target Slices.
[   15.848489] systemd[1]: Mounted Huge Pages File System.
[[0;32m  OK  [0m] Mounted Huge Pages File System.
[   15.881083] systemd[1]: Mounted POSIX Message Queue File System.
[[0;32m  OK  [0m] Mounted POSIX Message Queue File System.
[   15203]systemd]:Mounted Debug FileSystem.
[[0;32m  OK  [0m] Mounted Debug File System.
[   16.179262] systemd[1]: Started Journal Service.
[[0;32m  OK  [0m] Started Journal Service.
[[0;32m  OK  [0m] Started Create list of required sta...ce nodes for the current kernel.
[[0;32m  OK  [0m] Started Set console keymap.
[[0;32m  OK  [0m] Started Remount Root and Kernel File Systems.
[[0;32m  OK  [0m] Started Uncomplicated firewall.
[[0;32m  OK  [0m] Started Load Kernel Modules.
[[0;32m  OK  [0m] Started Nameserver information manager.
[[0;32m  OK  [0m] Started LVM2 metadata daemon.
         Starting Apply Kernel Variables...
         Mounting FUSE Control File System...
         Starting Load/Save Random Seed...
         Starting udev Coldplug all Devices...
         Starting Create Static Device Nodes in /dev...
         Starting Flush Journal to Persistent Storage...
[[0;32m  OK  [0m] Mounted FUSE Control File System.
[[0;32m  OK  [0m] Started Apply Kernel Variables.
[[0;32m  OK  [0m] Started Load/Save Random Seed.
[[0;32m  OK  [0m] Started Create Static Device Nodes in /dev.
[[0;32m  OK  [0m] Started udev Coldplug all Devices.
         Starting udev Kernel Device Manager...
[[0;32m  OK  [0m] Started Flush Journal to Persistent Storage.
[[0;32m  OK  [0m] Started udev Kernel Device Manager.
[[0;32m  OK  [0m] Started Dispatch Password Requests to Console Directory Watch.
[[0;32m  OK  [0m] Started Monitoring of LVM2 mirrors,...ng dmeventd or progress polling.
[[0;32m  OK  [0m] Reached target Local File Systems (Pre).
[[0;32m  OK  [0m] Reached target Local File Systems.
         Starting Create Volatile Files and Directories...
         Starting LSB: AppArmor initialization...
         Starting Set console font and keymap...
         Starting Tell Plymouth To Write Out Runtime Data...
         Starting Initial cloud-init job (pre-networking)...
[[0;32m  OK  [0m] Started Tell Plymouth To Write Out Runtime Data.
[[0;32m  OK  [0m] Started Create Volatile Files and Directories.
         Starting Update UTMP about System Boot/Shutdown...
[[0;32m  OK  [0m] Started Update UTMP about System Boot/Shutdown.
[[0;32m  OK  [0m] Found device /dev/ttyS0.
[[0;32m  OK  [0m] Started LSB: AppArmor initialization.
[[0;32m  OK  [0m] Listening on Load/Save RF Kill Switch Status /dev/rfkill Watch.
[[0;32m  OK  [0m] Found device 82540EM Gigabit Ethern...r (PRO/1000 MT Desktop Adapter).
[[0;32m  OK  [0m] Found device 82540EM Gigabit Ethern...r (PRO/1000 MT Desktop Adapter).
[[0;32m  OK  [0m] Found device 82540EM Gigabit Ethern...r (PRO/1000 MT Desktop Adapter).
[   12.900776] cloud-init[[0;32m  OK  [0m] Started Set console font and keymap.
[[0;32m  OK  [0m] Created slice system-getty.slice.
[507]: Cloud-init v. 19.4-33-gbb4131a2-0ubuntu1~16.04.1 running 'init-local' at Sat, 25 Jul 2020 12:00:05 +0000. Up 12.63 seconds.
[[0;32m  OK  [0m] Started Initial cloud-init job (pre-networking).
[[0;32m  OK  [0m] Reached target Network (Pre).
[[0;32m  OK  [0m] Started ifup for enp0s3.
         Starting Raise network interfaces...
[[0;32m  OK  [0m] Started ifup for enp0s8.
[[0;32m  OK  [0m] Started ifup for enp0s9.
[[0;32m  OK  [0m] Started Raise network interfaces.
[[0;32m  OK  [0m] Reached target Network.
         Starting Initial cloud-init job (metadata service crawler)...
[   17.386255] cloud-init[1223]: Cloud-init v. 19.4-33-gbb4131a2-0ubuntu1~16.04.1 running 'init' at Sat, 25 Jul 2020 12:00:09 +0000. Up 17.04 seconds.
[   17.417525] cloud-init[1223]: ci-info: ++++++++++++++++++++++++++++++++++++++Net device info+++++++++++++++++++++++++++++++++++++++
[   17.426040] cloud-init[1223]: ci-info: +--------+------+-----------------------------+---------------+--------+-------------------+
[   17.448505] cloud-init[1223]: ci-info: | Device |  Up  |           Address           |      Mask     | Scope  |     Hw-Address    |
[   17.459959] cloud-init[1223]: ci-info: +--------+------+-----------------------------+---------------+--------+-------------------+
[   17.486033] cloud-init[1223]: ci-info: | enp0s3 | True |          10.0.2.15          | 255.255.255.0 | global | 02:a0:3d:de:85:bf |
[   17.486360] cloud-init[1223]: ci-info: | enp0s3 | True |  fe80::a0:3dff:fede:85bf/64 |       .       |  link  | 02:a0:3d:de:85:bf |
[   17.486666] cloud-init[1223]: ci-info: | enp0s8 | True |        192.168.33.20        | 255.255.255.0 | global | 08:00:27:ae:33:eb |
[   17.488639] cloud-init[1223]: ci-info: | enp0s8 | True | fe80::a00:27ff:feae:33eb/64 |       .       |  link  | 08:00:27:ae:33:eb |
[[0;32m  OK  [0m] Started Initial cloud-init job (metadata service crawler).
[[   17.489377] cloud-init[1223]: ci-info: | enp0s9 | True |         192.168.0.17        | 255.255.255.0 | global | 08:00:27:3e:25:21 |
[   17.507772] cloud-init[1223]: ci-info: | enp0s9 | True | fe80::a00:27ff:fe3e:2521/64 |       .       |  link  | 08:00:27:3e:25:21 |
[   17.508116] cloud-init[1223]: ci-info: |   lo   | True |          127.0.0.1          |   255.0.0.0   |  host  |         .         |
[   17.508453] cloud-init[1223]: ci-info: |   lo   | True |           ::1/128           |       .       |  host  |         .         |
[   17.508796] cloud-init[1223]: ci-info: +--------+------+-----------------------------+---------------+--------+-------------------+
[   17.509094] cloud-init[1223]: ci-info: ++++++++++++++++++++++++++++Route IPv4 info++++++++++++++++++++++++++++
[   17.509389] cloud-init[1223]: ci-info: +-------+--------------+----------+---------------+-----------+-------+
[   17.509681] cloud-init[1223]: ci-info: | Route | Destination  | Gateway  |    Genmask    | Interface | Flags |
[   17.509989] cloud-init[1223]: ci-info: +-------+--------------+----------+---------------+-----------+-------+
[   17.510718] cloud-init[1223]: ci-info: |   0   |   0.0.0.0    | 10.0.2.2 |    0.0.0.0    |   enp0s3  |   UG  |
[   17.511001] cloud-init[1223]: ci-info: |   1   |   10.0.2.0   | 0.0.0.0  | 255.255.255.0 |   enp0s3  |   U   |
[   17.511303] cloud-init[1223]: ci-info: |   2   | 192.168.0.0  | 0.0.0.0  | 255.255.255.0 |   enp0s9  |   U   |
[0;32m  OK  [0m] Reached target Cloud-config availability.
[[0;32m  OK  [0m[   17.513852] ] cloud-initReached target System Initialization.[1223]: 
ci-info: |   3   | 192.168.33.0 | 0.0.0.0  | 255.255.255.0 |   enp0s8  |   U   |
[[   17.736234] cloud-init[1223]: ci-info: +-------+--------------+----------+---------------+-----------+-------+
[   17.737370] cloud-init[1223]: ci-info: +++++++++++++++++++Route IPv6 info+++++++++++++++++++
[   17.737757] cloud-init[1223]: ci-info: +-------+-------------+---------+-----------+-------+
[0;32m  OK  [0m] Listening on D-Bus System Message Bus Socket.
[   17.737859] cloud-init[1223]: ci-info: | Route | Destination | Gateway | Interface | Flags |
[   17.799045] cloud-init[1223]: ci-info: +-------+-------------+---------+-----------+-------+
[   17.799874] cloud-init[1223]: ci-info: |   0   |  fe80::/64  |    ::   |   enp0s8  |   U   |
[   17.800512] cloud-init[1223]: ci-info: |   1   |  fe80::/64  |    ::   |   enp0s9  |   U   |
[   17.800826] cloud-init[1223]: ci-info: |   2   |  fe80::/64  |    ::   |   enp0s3  |   U   |
[[0;32m  OK  [0m] Started Daily apt download activities.
[   17.800857] cloud-init[1223]: ci-info: |   8   |   ff00::/8  |    ::   |   enp0s8  |   U   |
[   17.835065] cloud-init[1223]: ci-info: |   9   |   ff00::/8  |    ::   |   enp0s9  |   U   |
[   17.836137] cloud-init[1223]: ci-info: |   10  |   ff00::/8  |    ::   |   enp0s3  |   U   |
[   17.837193] cloud-init[1223]: ci-info: +-------+-------------+---------+-----------+-------+
[[0;32m  OK  [0m] Started Daily apt upgrade and clean activities.
[[0;32m  OK  [0m] Listening on ACPID Listen Socket.
         Starting Socket activation for snappy daemon.
[[0;32m  OK  [0m] Started Daily Cleanup of Temporary Directories.
         Starting LXD - unix socket.
[[0;32m  OK  [0m] Started ACPI Events Check.
[[0;32m  OK  [0m] Reached target Paths.
[[0;32m  OK  [0m] Started Message of the Day.
[[0;32m  OK  [0m] Reached target Timers.
[[0;32m  OK  [0m] Listening on UUID daemon activation socket.
[[0;32m  OK  [0m] Reached target Network is Online.
         Starting iSCSI initiator daemon (iscsid)...
[[0;32m  OK  [0m] Listening on Socket activation for snappy daemon.
[[0;32m  OK  [0m] Listening on LXD - unix socket.
[[0;32m  OK  [0m] Reached target Sockets.
[[0;32m  OK  [0m] Reached target Basic System.
         Starting MySQL Community Server...
         Starting Message of the Day...
         Starting Accounts Service...
         Starting LSB: MD monitoring daemon...
         Starting A high performance web server and a reverse proxy server...
[[0;32m  OK  [0m] Started FUSE filesystem for LXC.
         Starting /etc/rc.local Compatibility...
         Starting LXD - container startup/shutdown...
[[0;32m  OK  [0m] Started D-Bus System Message Bus.
         Starting Snappy daemon...
         Starting Login Service...
         Starting LSB: Record successful boot for GRUB...
         Starting OpenBSD Secure Shell server...
[[0;32m  OK  [0m] Started ACPI event daemon.
         Starting System Logging Service...
[[0;32m  OK  [0m] Started Deferred execution scheduler.
         Starting vboxadd.service...
[[0;32m  OK  [0m] Started Regular background program processing daemon.
[[0;32m  OK  [0m] Started System Logging Service.
[[0;32m  OK  [0m] Started iSCSI initiator daemon (iscsid).
[[0;32m  OK  [0m] Started /etc/rc.local Compatibility.
[[0;32m  OK  [0m] Started LXD - container startup/shutdown.
[[0;32m  OK  [0m] Started OpenBSD Secure Shell server.
         Starting Authenticate and Authorize Users to Run Privileged Tasks...
         Starting Login to default iSCSI targets...
[[0;32m  OK  [0m] Started LSB: Record successful boot for GRUB.
[[0;32m  OK  [0m] Started LSB: MD monitoring daemon.
[[0;32m  OK  [0m] Started A high performance web server and a reverse proxy server.
[[0;32m  OK  [0m] Started Snappy daemon.
[[0;32m  OK  [0m] Started Login Service.
[[0;32m  OK  [0m] Started Authenticate and Authorize Users to Run Privileged Tasks.
[[0;32m  OK  [0m] Started Accounts Service.
[[0;32m  OK  [0m] Started Unattended Upgrades Shutdown.
         Starting Wait until snapd is fully seeded...
[[0;32m  OK  [0m] Started Login to default iSCSI targets.
[[0;32m  OK  [0m] Reached target Remote File Systems (Pre).
[[0;32m  OK  [0m] Reached target Remote File Systems.
         Starting LSB: Apache2 web server...
         Starting LSB: automatic crash report generation...
         Starting LSB: daemon to balance interrupts for SMP systems...
         Starting LSB: Set the CPU Frequency Scaling governor to "ondemand"...
         Starting Permit User Sessions...
[[0;32m  OK  [0m] Started Permit User Sessions.
         Starting Terminate Plymouth Boot Screen...
         Starting Hold until boot process finishes up...
[[0;32m  OK  [0m] Started Terminate Plymouth Boot Screen.
[[0;32m  OK  [0m] Started Hold until boot process finishes up.
[[0;32m  OK  [0m] Started Getty on tty1.
         Starting Set console scheme...
[[0;32m  OK  [0m] Started Serial Getty on ttyS0.
[[0;32m  OK  [0m] Reached target Login Prompts.
[[0;32m  OK  [0m] Started Wait until snapd is fully seeded.
[[0;32m  OK  [0m] Started Set console scheme.
         Starting Apply the settings specified in cloud-config...
[[0;32m  OK  [0m] Started LSB: Set the CPU Frequency Scaling governor to "ondemand".
[[0;32m  OK  [0m] Started LSB: automatic crash report generation.
[[0;32m  OK  [0m] Started LSB: daemon to balance interrupts for SMP systems.
[[0;32m  OK  [0m] Created slice User Slice of ubuntu.
         Starting User Manager for UID 1000...
[[0;32m  OK  [0m] Started Session 1 of user ubuntu.
[[0;32m  OK  [0m] Started User Manager for UID 1000.
[[0;32m  OK  [0m] Started LSB: Apache2 web server.
[[0;32m  OK  [0m] Started vboxadd.service.
         Starting vboxadd-service.service...
[[0;1;31mFAILED[0m] Failed to start vboxadd-service.service.
See 'systemctl status vboxadd-service.service' for details.
[[0;32m  OK  [0m] Started Message of the Day.
[   20.603621] cloud-init[1521]: Cloud-init v. 19.4-33-gbb4131a2-0ubuntu1~16.04.1 running 'modules:config' at Sat, 25 Jul 2020 12:00:13 +0000. Up 20.43 seconds.
[[0;32m  OK  [0m] Started Apply the settings specified in cloud-config.
[[0;32m  OK  [0m] Started MySQL Community Server.
[[0;32m  OK  [0m] Reached target Multi-User System.
[[0;32m  OK  [0m] Reached target Graphical Interface.
         Starting Update UTMP about System Runlevel Changes...
         Starting Execute cloud user/final scripts...
[[0;32m  OK  [0m] Started Update UTMP about System Runlevel Changes.
[   21.320681] cloud-init[1781]: Cloud-init v. 19.4-33-gbb4131a2-0ubuntu1~16.04.1 running 'modules:final' at Sat, 25 Jul 2020 12:00:13 +0000. Up 21.12 seconds.
[   21.363585] cloud-init[1781]: Cloud-init v. 19.4-33-gbb4131a2-0ubuntu1~16.04.1 finished at Sat, 25 Jul 2020 12:00:14 +0000. Datasource DataSourceNoCloud [seed=/dev/sdb][dsmode=net].  Up 21.31 seconds
[[0;32m  OK  [0m] Started Execute cloud user/final scripts.
[[0;32m  OK  [0m] Reached target Cloud-init target.

Ubuntu 16.04.6 LTS dctf ttyS0

dctf login: [  280.859243] e1000 0000:00:09.0 enp0s9: Reset adapter
[277506.653693] e1000 0000:00:09.0 enp0s9: Reset adapter
[641738.307814] e1000 0000:00:09.0 enp0s9: Reset adapter
         Stopping Session 1 of user ubuntu.
[[0;32m  OK  [0m] Stopped target Cloud-init target.
         Stopping User Manager for UID 1000...
         Stopping Authentia[[0;32m  OK  [0m] Unmounted /mnt/tmp2.
[[0;32m  OK  [0m] Unmounted /var/lib/lxcfs.
[[0;32m  OK  [0m] Unmounted /vagrant.
[[0;32m  OK  [0m] Stopped Accounts Service.
[[0;32m  OK  [0m] Stopped ACPI event daemon.
[[0;32m  OK  [0m] Stopped System Logging Service.
[[0;32m  OK  [0m] Stopped Deferred execution scheduler.
[[0;32m  OK  [0m] Stopped Regular background program processing daemon.
[[0;32m  OK  [0m] Stopped OpenBSD Secure Shell server.
[[0;32m  OK  [0m] Stopped Authenticate and Authorize Users to Run Privileged Tasks.
[[0;32m  OK  [0m] Stopped Unattended Upgrades Shutdown.
[[0;32m  OK  [0m] Stopped Getty on tty1.
[[0;32m  OK  [0m] Stopped Serial Getty on ttyS0.
[[0;32m  OK  [0m] Stopped User Manager for UID 1000.
[[0;32m  OK  [0m] Stopped Session 1 of user ubuntu.
[[0;32m  OK  [0m] Stopped Session 591 of user ubuntu.
[[0;32m  OK  [0m] Stopped D-Bus System Message Bus.
[[0;32m  OK  [0m] Stopped A high performance web server and a reverse proxy server.
[[0;32m  OK  [0m] Stopped vboxadd.service.
[[0;32m  OK  [0m] Stopped Session 625 of user ubuntu.
[[0;32m  OK  [0m] Stopped FUSE filesystem for LXC.
[[0;32m  OK  [0m] Stopped LXD - container startup/shutdown.
[[0;32m  OK  [0m] Stopped LSB: daemon to balance interrupts for SMP systems.
[[0;32m  OK  [0m] Stopped LSB: Set the CPU Frequency Scaling governor to "ondemand".
[[0;32m  OK  [0m] Stopped LSB: Record successful boot for GRUB.
[[0;32m  OK  [0m] Stopped LSB: automatic crash report generation.
[[0;32m  OK  [0m] Stopped LSB: MD monitoring daemon.
[[0;32m  OK  [0m] Removed slice User Slice of ubuntu.
[[0;32m  OK  [0m] Removed slice system-serial\x2dgetty.slice.
[[0;32m  OK  [0m] Stopped /etc/rc.local Compatibility.
         Stopping Permit User Sessions...
[[0;32m  OK  [0m] Removed slice system-getty.slice.
         Stopping Login Service...
[[0;32m  OK  [0m] Stopped Permit User Sessions.
[[0;32m  OK  [0m] Stopped target Remote File Systems.
[[0;32m  OK  [0m] Stopped target Remote File Systems (Pre).
         Stopping Login to default iSCSI targets...
[[0;32m  OK  [0m] Stopped Login Service.
[[0;32m  OK  [0m] Stopped target User and Group Name Lookups.
[[0;32m  OK  [0m] Stopped Login to default iSCSI targets.
         Stopping iSCSI initiator daemon (iscsid)...
[[0;32m  OK  [0m] Stopped iSCSI initiator daemon (iscsid).
[[0;32m  OK  [0m] Stopped target Network is Online.
[[0;32m  OK  [0m] Stopped MySQL Community Server.
[[0;32m  OK  [0m] Stopped target Basic System.
[[0;32m  OK  [0m] Stopped target Sockets.
[[0;32m  OK  [0m] Closed LXD - unix socket.
[[0;32m  OK  [0m] Closed Syslog Socket.
[[0;32m  OK  [0m] Closed Socket activation for snappy daemon.
[[0;32m  OK  [0m] Closed ACPID Listen Socket.
[[0;32m  OK  [0m] Closed UUID daemon activation socket.
[[0;32m  OK  [0m] Closed D-Bus System Message Bus Socket.
[[0;32m  OK  [0m] Stopped target Slices.
[[0;32m  OK  [0m] Removed slice User and Session Slice.
[[0;32m  OK  [0m] Stopped target Paths.
[[0;32m  OK  [0m] Stopped ACPI Events Check.
[[0;32m  OK  [0m] Stopped Forward Password Requests to Wall Directory Watch.
[[0;32m  OK  [0m] Stopped Dispatch Password Requests to Console Directory Watch.
[[0;32m  OK  [0m] Stopped target Network.
[[0;32m  OK  [0m] Stopped target System Initialization.
         Stopping Load/Save Random Seed...
[[0;32m  OK  [0m] Stopped Initial cloud-init job (metadata service crawler).
         Stopping Raise network interfaces...
[[0;32m  OK  [0m] Stopped target Encrypted Volumes.
         Stopping Update UTMP about System Boot/Shutdown...
[[0;32m  OK  [0m] Stopped target Swap.
[[0;32m  OK  [0m] Stopped Load/Save Random Seed.
[[0;32m  OK  [0m] Stopped Update UTMP about System Boot/Shutdown.
[[0;32m  OK  [0m] Stopped Create Volatile Files and Directories.
[[0;32m  OK  [0m] Stopped Raise network interfaces.
[[0;32m  OK  [0m] Stopped Apply Kernel Variables.
[[0;32m  OK  [0m] Stopped target Network (Pre).
[[0;32m  OK  [0m] Stopped Initial cloud-init job (pre-networking).
[[0;32m  OK  [0m] Stopped target Local File Systems.
         Unmounting /mnt/tmp...
         Unmounting /run/user/1000...
[[0;32m  OK  [0m] Stopped Load Kernel Modules.
[[0;32m  OK  [0m] Unmounted /mnt/tmp.
[[0;32m  OK  [0m] Unmounted /run/user/1000.
[[0;32m  OK  [0m] Reached target Unmount All Filesystems.
[[0;32m  OK  [0m] Stopped target Local File Systems (Pre).
         Stopping Monitoring of LVM2 mirrors... dmeventd or progress polling...
[[0;32m  OK  [0m] Stopped Create Static Device Nodes in /dev.
[[0;32m  OK  [0m] Stopped Remount Root and Kernel File Systems.
[[0;32m  OK  [0m] Reached target Shutdown.
[775.094 rebotPower down

